[
    {
        "id": "c83f0047-c22d-4bc9-9189-a01aaf3627ab",
        "timestamp": "2026-02-28T23:30:40.433887",
        "agent": "Auditor",
        "model": "gemini-2.5-flash-lite",
        "action": "CODE_ANALYSIS",
        "details": {
            "input_prompt": "**File:** bad_syntax.py\n\n**Pylint Report:**\n```\n************* Module bad_syntax\nsandbox\\bad_syntax.py:1:26: E0001: Parsing failed: 'expected ':' (<unknown>, line 1)' (syntax-error)\n\n```\n\n**Code to Analyze:**\n```python\ndef calculate_sum(a, b)  # Manque le deux-points\n    return a + b\n```\n\nPlease provide your structured analysis following the output format specified in your system prompt.",
            "output_response": "## Critical Issues\n-   **Syntax Error (Line 1):** The function definition `def calculate_sum(a, b)` is missing a colon `:` at the end. This is a critical syntax error that prevents the Python interpreter from parsing the file, leading to the `E0001` Pylint error and making the code unexecutable.\n\n## Style & Convention Violations\n-   **Comment Style (Line 1):** The comment ` # Manque le deux-points` has a leading space before the hash `#` and is in French. While the content is descriptive, standard practice is ` #` (one space after hash) and comments should ideally be in the primary language of the codebase for consistency.\n\n## Type Hints Required\n-   **Function Parameters (Line 1):** The parameters `a` and `b` in `calculate_sum` lack type annotations.\n-   **Function Return Type (Line 1):** The `calculate_sum` function is missing a return type annotation.\n\n## Best Practice Improvements\n-   **Docstring (Line 1):** The `calculate_sum` function lacks a docstring. A docstring is essential for explaining the function's purpose, its arguments, and what it returns, significantly improving code readability and maintainability.\n\n## Refactoring Recommendations\n\n1.  **Fix Syntax Error (Line 1):** Add a colon `:` at the end of the function definition line.\n    *   **Original:** `def calculate_sum(a, b)  # Manque le deux-points`\n    *   **Refactored:** `def calculate_sum(a, b):`\n\n2.  **Add Type Hints (Line 1):** Annotate the parameters `a` and `b` and the return type. Assuming `a` and `b` are intended to be integers (or `float` if decimal numbers are expected).\n    *   **Refactored:** `def calculate_sum(a: int, b: int) -> int:`\n\n3.  **Add Docstring (Line 2):** Provide a clear docstring explaining the function's purpose, arguments, and return value.\n    *   **Refactored (after fixing syntax and adding type hints):**\n        ```python\n        def calculate_sum(a: int, b: int) -> int:\n            \"\"\"Calculates the sum of two integers.\n\n            Args:\n                a: The first integer.\n                b: The second integer.\n\n            Returns:\n                The sum of a and b.\n            \"\"\"\n            return a + b\n        ```\n\n4.  **Remove or Translate Comment (Line 1):** The original comment ` # Manque le deux-points` becomes redundant after the syntax fix. It should be removed or translated and integrated into the docstring if the information is still relevant.\n\n## Overall Assessment\nThe provided code is fundamentally broken due to a critical syntax error (missing colon in function definition), which prevents it from being executed. This is the highest priority fix. Once the syntax is corrected, the code also lacks essential best practices such as type hints and a docstring, which are crucial for code clarity, maintainability, and static analysis. The recommended fixes are straightforward and will bring the code up to a basic professional standard.",
            "file_analyzed": "bad_syntax.py",
            "pylint_score": null
        },
        "status": "SUCCESS"
    },
    {
        "id": "2396f808-beac-45dc-aa34-fcf225403545",
        "timestamp": "2026-02-28T23:30:43.092199",
        "agent": "Fixer",
        "model": "gemini-2.5-flash-lite",
        "action": "FIX",
        "details": {
            "input_prompt": "**File:** bad_syntax.py\n**Iteration:** 1/10\n\n**Original Code:**\n```python\ndef calculate_sum(a, b)  # Manque le deux-points\n    return a + b\n```\n\n**Refactoring Plan from Auditor:**\n## Critical Issues\n-   **Syntax Error (Line 1):** The function definition `def calculate_sum(a, b)` is missing a colon `:` at the end. This is a critical syntax error that prevents the Python interpreter from parsing the file, leading to the `E0001` Pylint error and making the code unexecutable.\n\n## Style & Convention Violations\n-   **Comment Style (Line 1):** The comment ` # Manque le deux-points` has a leading space before the hash `#` and is in French. While the content is descriptive, standard practice is ` #` (one space after hash) and comments should ideally be in the primary language of the codebase for consistency.\n\n## Type Hints Required\n-   **Function Parameters (Line 1):** The parameters `a` and `b` in `calculate_sum` lack type annotations.\n-   **Function Return Type (Line 1):** The `calculate_sum` function is missing a return type annotation.\n\n## Best Practice Improvements\n-   **Docstring (Line 1):** The `calculate_sum` function lacks a docstring. A docstring is essential for explaining the function's purpose, its arguments, and what it returns, significantly improving code readability and maintainability.\n\n## Refactoring Recommendations\n\n1.  **Fix Syntax Error (Line 1):** Add a colon `:` at the end of the function definition line.\n    *   **Original:** `def calculate_sum(a, b)  # Manque le deux-points`\n    *   **Refactored:** `def calculate_sum(a, b):`\n\n2.  **Add Type Hints (Line 1):** Annotate the parameters `a` and `b` and the return type. Assuming `a` and `b` are intended to be integers (or `float` if decimal numbers are expected).\n    *   **Refactored:** `def calculate_sum(a: int, b: int) -> int:`\n\n3.  **Add Docstring (Line 2):** Provide a clear docstring explaining the function's purpose, arguments, and return value.\n    *   **Refactored (after fixing syntax and adding type hints):**\n        ```python\n        def calculate_sum(a: int, b: int) -> int:\n            \"\"\"Calculates the sum of two integers.\n\n            Args:\n                a: The first integer.\n                b: The second integer.\n\n            Returns:\n                The sum of a and b.\n            \"\"\"\n            return a + b\n        ```\n\n4.  **Remove or Translate Comment (Line 1):** The original comment ` # Manque le deux-points` becomes redundant after the syntax fix. It should be removed or translated and integrated into the docstring if the information is still relevant.\n\n## Overall Assessment\nThe provided code is fundamentally broken due to a critical syntax error (missing colon in function definition), which prevents it from being executed. This is the highest priority fix. Once the syntax is corrected, the code also lacks essential best practices such as type hints and a docstring, which are crucial for code clarity, maintainability, and static analysis. The recommended fixes are straightforward and will bring the code up to a basic professional standard.\n\n**Pylint Report:**\n```\n************* Module bad_syntax\nsandbox\\bad_syntax.py:1:26: E0001: Parsing failed: 'expected ':' (<unknown>, line 1)' (syntax-error)\n\n```\n\n\nProvide the COMPLETE corrected code now.",
            "output_response": "```python\ndef calculate_sum(a: int, b: int) -> int:\n    \"\"\"Calculates the sum of two integers.\n\n    Args:\n        a: The first integer.\n        b: The second integer.\n\n    Returns:\n        The sum of a and b.\n    \"\"\"\n    return a + b\n```",
            "file_fixed": "bad_syntax.py",
            "iteration": 1,
            "code_length": 223
        },
        "status": "SUCCESS"
    },
    {
        "id": "b36f0027-935b-490b-af2f-706ac1ae8f4c",
        "timestamp": "2026-02-28T23:30:59.459066",
        "agent": "TestGenerator",
        "model": "gemini-2.5-flash",
        "action": "FIX",
        "details": {
            "input_prompt": "**Source File:** bad_syntax.py\n\n**Source Code:**\n```python\ndef calculate_sum(a: int, b: int) -> int:\n    \"\"\"Calculates the sum of two integers.\n\n    Args:\n        a: The first integer.\n        b: The second integer.\n\n    Returns:\n        The sum of a and b.\n    \"\"\"\n    return a + b\n```\n\nPlease provide the COMPLETE, comprehensive `pytest` test file for the code above, following the output format specified in your system prompt.",
            "output_response": "```python\nimport pytest\nfrom bad_syntax import calculate_sum\n\n\ndef test_calculate_sum_positive_integers():\n    \"\"\"\n    Test calculate_sum with two positive integers.\n    Verifies the correct sum for standard positive inputs.\n    \"\"\"\n    assert calculate_sum(1, 2) == 3\n    assert calculate_sum(100, 200) == 300\n    assert calculate_sum(5, 7) == 12\n\n\ndef test_calculate_sum_negative_integers():\n    \"\"\"\n    Test calculate_sum with two negative integers.\n    Verifies the correct sum for standard negative inputs.\n    \"\"\"\n    assert calculate_sum(-1, -2) == -3\n    assert calculate_sum(-100, -200) == -300\n    assert calculate_sum(-5, -7) == -12\n\n\ndef test_calculate_sum_mixed_integers():\n    \"\"\"\n    Test calculate_sum with a mix of positive and negative integers.\n    Verifies correct sum when signs differ, including cases resulting in zero.\n    \"\"\"\n    assert calculate_sum(5, -3) == 2\n    assert calculate_sum(-5, 3) == -2\n    assert calculate_sum(10, -10) == 0\n    assert calculate_sum(-10, 10) == 0\n    assert calculate_sum(1, -10) == -9\n\n\ndef test_calculate_sum_with_zero():\n    \"\"\"\n    Test calculate_sum with zero as one or both inputs.\n    Verifies that adding zero behaves as expected (identity element).\n    \"\"\"\n    assert calculate_sum(0, 5) == 5\n    assert calculate_sum(5, 0) == 5\n    assert calculate_sum(0, 0) == 0\n    assert calculate_sum(-5, 0) == -5\n    assert calculate_sum(0, -5) == -5\n\n\ndef test_calculate_sum_large_integers():\n    \"\"\"\n    Test calculate_sum with large integer values.\n    Verifies that Python's arbitrary-precision integers are handled correctly.\n    \"\"\"\n    assert calculate_sum(1_000_000_000, 2_000_000_000) == 3_000_000_000\n    assert calculate_sum(999_999_999_999, 1) == 1_000_000_000_000\n    assert calculate_sum(-1_000_000_000_000, -2_000_000_000_000) == -3_000_000_000_000\n\n\ndef test_calculate_sum_with_floats():\n    \"\"\"\n    Test calculate_sum with float inputs.\n    Note: The function's type hint specifies 'int' for inputs and return.\n    However, Python's '+' operator allows floats, resulting in a float return.\n    This test verifies the actual behavior, which deviates from the type hint.\n    `pytest.approx` is used for robust float comparison.\n    \"\"\"\n    assert calculate_sum(1.5, 2.5) == pytest.approx(4.0)\n    assert calculate_sum(1, 2.5) == pytest.approx(3.5)\n    assert calculate_sum(-1.5, -2.5) == pytest.approx(-4.0)\n    assert calculate_sum(0.1, 0.2) == pytest.approx(0.3)\n    assert calculate_sum(10.0, -5.5) == pytest.approx(4.5)\n\n\ndef test_calculate_sum_with_strings():\n    \"\"\"\n    Test calculate_sum with string inputs.\n    Note: The function's type hint specifies 'int' for inputs and return.\n    However, Python's '+' operator allows string concatenation.\n    This test verifies the actual behavior, which deviates from the type hint.\n    \"\"\"\n    assert calculate_sum(\"hello\", \"world\") == \"helloworld\"\n    assert calculate_sum(\"a\", \"b\") == \"ab\"\n    assert calculate_sum(\"\", \"test\") == \"test\"\n    assert calculate_sum(\"test\", \"\") == \"test\"\n\n\ndef test_calculate_sum_with_lists():\n    \"\"\"\n    Test calculate_sum with list inputs.\n    Note: The function's type hint specifies 'int' for inputs and return.\n    However, Python's '+' operator allows list concatenation.\n    This test verifies the actual behavior, which deviates from the type hint.\n    \"\"\"\n    assert calculate_sum([1, 2], [3, 4]) == [1, 2, 3, 4]\n    assert calculate_sum([], [1]) == [1]\n    assert calculate_sum([1], []) == [1]\n    assert calculate_sum([], []) == []\n\n\ndef test_calculate_sum_type_error_unsupported_types():\n    \"\"\"\n    Test calculate_sum with inputs that do not support the '+' operator,\n    expecting a TypeError. This covers cases where Python's operator\n    overloading does not define addition for the given types.\n    \"\"\"\n    with pytest.raises(TypeError):\n        calculate_sum(1, None)\n    with pytest.raises(TypeError):\n        calculate_sum(None, 1)\n    with pytest.raises(TypeError):\n        calculate_sum(None, None)\n    with pytest.raises(TypeError):\n        calculate_sum(1, {\"a\": 1})  # dicts don't support '+'\n    with pytest.raises(TypeError):\n        calculate_sum({\"a\": 1}, 1)\n    with pytest.raises(TypeError):\n        calculate_sum(1, True) # Booleans are subclasses of int, so 1 + True == 2. This is not a TypeError.\n                               # Let's use a type that definitely doesn't work.\n        calculate_sum(1, object())\n    with pytest.raises(TypeError):\n        calculate_sum(object(), 1)\n```",
            "file_generated": "test_bad_syntax.py",
            "iteration": 1,
            "code_length": 4459,
            "note": "Automatically generated missing test file"
        },
        "status": "SUCCESS"
    },
    {
        "id": "5dd817ed-1fff-4da5-9f0a-bea23cb29265",
        "timestamp": "2026-02-28T23:31:01.320320",
        "agent": "Judge",
        "model": "gemini-2.5-flash-lite",
        "action": "DEBUG",
        "details": {
            "input_prompt": "Validating bad_syntax.py at iteration 1",
            "output_response": "Tests passed: True, Pylint score: 0.0",
            "test_results": "✅ All tests passed!\n\n============================= test session starts =============================\nplatform win32 -- Python 3.11.9, pytest-7.4.4, pluggy-1.6.0 -- C:\\Users\\B-TECH\\Downloads\\Refactoring-Swarm-Equipe-Guembo\\.venv\\Scripts\\python.exe\ncachedir: .pytest_cache\nrootdir: C:\\Users\\B-TECH\\Downloads\\Refactoring-Swarm-Equipe-Guembo\nplugins: anyio-4.12.0\ncollecting ... collected 9 items\n\nsandbox/test_bad_syntax.py::test_calculate_sum_positive_integers PASSED  [ 11%]\nsandbox/test_bad_syntax.py::test_calculate_sum_negative_integers PASSED  [ 22%]\nsandbox/test_bad_syntax.py::test_calculate_sum_mixed_integers PASSED     [ 33%]\nsandbox/test_bad_syntax.py::test_calculate_sum_with_zero PASSED          [ 44%]\nsandbox/test_bad_syntax.py::test_calculate_sum_large_integers PASSED     [ 55%]\nsandbox/test_bad_syntax.py::test_calculate_sum_with_floats PASSED        [ 66%]\nsandbox/test_bad_syntax.py::test_calculate_sum_with_strings PASSED       [ 77%]\nsandbox/test_bad_syntax.py::test_calculate_sum_with_lists PASSED         [ 88%]\nsandbox/test_bad_syntax.py::test_calculate_sum_type_error_unsupported_types PASSED [100%]\n\n============================== 9 passed in 0.07s ==============================\n",
            "pylint_report": "************* Module bad_syntax\nsandbox\\bad_syntax.py:11:0: C0304: Final newline missing (missing-final-newline)\nsandbox\\bad_syntax.py:1:0: C0114: Missing module docstring (missing-module-docstring)\n\n-----------------------------------\nYour code has been rated at 0.00/10\n\n",
            "file_validated": "bad_syntax.py",
            "iteration": 1,
            "tests_passed": true,
            "pylint_score": 0.0
        },
        "status": "FAILED"
    },
    {
        "id": "ce663680-6f73-4559-8e89-00bbeda4db4c",
        "timestamp": "2026-02-28T23:31:09.701156",
        "agent": "Fixer",
        "model": "gemini-2.5-flash-lite",
        "action": "FIX",
        "details": {
            "input_prompt": "**File:** bad_syntax.py\n**Iteration:** 2/10\n\n**Original Code:**\n```python\ndef calculate_sum(a: int, b: int) -> int:\n    \"\"\"Calculates the sum of two integers.\n\n    Args:\n        a: The first integer.\n        b: The second integer.\n\n    Returns:\n        The sum of a and b.\n    \"\"\"\n    return a + b\n```\n\n**Refactoring Plan from Auditor:**\n## Critical Issues\n-   **Syntax Error (Line 1):** The function definition `def calculate_sum(a, b)` is missing a colon `:` at the end. This is a critical syntax error that prevents the Python interpreter from parsing the file, leading to the `E0001` Pylint error and making the code unexecutable.\n\n## Style & Convention Violations\n-   **Comment Style (Line 1):** The comment ` # Manque le deux-points` has a leading space before the hash `#` and is in French. While the content is descriptive, standard practice is ` #` (one space after hash) and comments should ideally be in the primary language of the codebase for consistency.\n\n## Type Hints Required\n-   **Function Parameters (Line 1):** The parameters `a` and `b` in `calculate_sum` lack type annotations.\n-   **Function Return Type (Line 1):** The `calculate_sum` function is missing a return type annotation.\n\n## Best Practice Improvements\n-   **Docstring (Line 1):** The `calculate_sum` function lacks a docstring. A docstring is essential for explaining the function's purpose, its arguments, and what it returns, significantly improving code readability and maintainability.\n\n## Refactoring Recommendations\n\n1.  **Fix Syntax Error (Line 1):** Add a colon `:` at the end of the function definition line.\n    *   **Original:** `def calculate_sum(a, b)  # Manque le deux-points`\n    *   **Refactored:** `def calculate_sum(a, b):`\n\n2.  **Add Type Hints (Line 1):** Annotate the parameters `a` and `b` and the return type. Assuming `a` and `b` are intended to be integers (or `float` if decimal numbers are expected).\n    *   **Refactored:** `def calculate_sum(a: int, b: int) -> int:`\n\n3.  **Add Docstring (Line 2):** Provide a clear docstring explaining the function's purpose, arguments, and return value.\n    *   **Refactored (after fixing syntax and adding type hints):**\n        ```python\n        def calculate_sum(a: int, b: int) -> int:\n            \"\"\"Calculates the sum of two integers.\n\n            Args:\n                a: The first integer.\n                b: The second integer.\n\n            Returns:\n                The sum of a and b.\n            \"\"\"\n            return a + b\n        ```\n\n4.  **Remove or Translate Comment (Line 1):** The original comment ` # Manque le deux-points` becomes redundant after the syntax fix. It should be removed or translated and integrated into the docstring if the information is still relevant.\n\n## Overall Assessment\nThe provided code is fundamentally broken due to a critical syntax error (missing colon in function definition), which prevents it from being executed. This is the highest priority fix. Once the syntax is corrected, the code also lacks essential best practices such as type hints and a docstring, which are crucial for code clarity, maintainability, and static analysis. The recommended fixes are straightforward and will bring the code up to a basic professional standard.\n\n**Pylint Report:**\n```\n************* Module bad_syntax\nsandbox\\bad_syntax.py:11:0: C0304: Final newline missing (missing-final-newline)\nsandbox\\bad_syntax.py:1:0: C0114: Missing module docstring (missing-module-docstring)\n\n-----------------------------------\nYour code has been rated at 0.00/10\n\n\n```\n\n**Previous Test Results (FAILURES TO FIX):**\n```\n✅ All tests passed!\n\n============================= test session starts =============================\nplatform win32 -- Python 3.11.9, pytest-7.4.4, pluggy-1.6.0 -- C:\\Users\\B-TECH\\Downloads\\Refactoring-Swarm-Equipe-Guembo\\.venv\\Scripts\\python.exe\ncachedir: .pytest_cache\nrootdir: C:\\Users\\B-TECH\\Downloads\\Refactoring-Swarm-Equipe-Guembo\nplugins: anyio-4.12.0\ncollecting ... collected 9 items\n\nsandbox/test_bad_syntax.py::test_calculate_sum_positive_integers PASSED  [ 11%]\nsandbox/test_bad_syntax.py::test_calculate_sum_negative_integers PASSED  [ 22%]\nsandbox/test_bad_syntax.py::test_calculate_sum_mixed_integers PASSED     [ 33%]\nsandbox/test_bad_syntax.py::test_calculate_sum_with_zero PASSED          [ 44%]\nsandbox/test_bad_syntax.py::test_calculate_sum_large_integers PASSED     [ 55%]\nsandbox/test_bad_syntax.py::test_calculate_sum_with_floats PASSED        [ 66%]\nsandbox/test_bad_syntax.py::test_calculate_sum_with_strings PASSED       [ 77%]\nsandbox/test_bad_syntax.py::test_calculate_sum_with_lists PASSED         [ 88%]\nsandbox/test_bad_syntax.py::test_calculate_sum_type_error_unsupported_types PASSED [100%]\n\n============================== 9 passed in 0.07s ==============================\n\n```\n\n⚠️ **IMPORTANT:** This is attempt #2. The previous fix attempt failed the tests above.\nCarefully analyze the error messages and fix the root cause. Do not repeat the same mistakes.\n\n\nProvide the COMPLETE corrected code now.",
            "output_response": "```python\n\"\"\"\nThis module provides a simple utility function to calculate the sum of two integers.\nIt serves as an example for demonstrating Python best practices including\ntype hinting, docstrings, and adherence to PEP 8.\n\"\"\"\n\n\ndef calculate_sum(a: int, b: int) -> int:\n    \"\"\"Calculates the sum of two integers.\n\n    Args:\n        a: The first integer.\n        b: The second integer.\n\n    Returns:\n        The sum of a and b.\n    \"\"\"\n    return a + b\n```",
            "file_fixed": "bad_syntax.py",
            "iteration": 2,
            "code_length": 442
        },
        "status": "SUCCESS"
    },
    {
        "id": "85f6d25c-ba64-4e83-ad11-309679b01470",
        "timestamp": "2026-02-28T23:31:11.444130",
        "agent": "Judge",
        "model": "gemini-2.5-flash-lite",
        "action": "DEBUG",
        "details": {
            "input_prompt": "Validating bad_syntax.py at iteration 2",
            "output_response": "Tests passed: True, Pylint score: 5.0",
            "test_results": "✅ All tests passed!\n\n============================= test session starts =============================\nplatform win32 -- Python 3.11.9, pytest-7.4.4, pluggy-1.6.0 -- C:\\Users\\B-TECH\\Downloads\\Refactoring-Swarm-Equipe-Guembo\\.venv\\Scripts\\python.exe\ncachedir: .pytest_cache\nrootdir: C:\\Users\\B-TECH\\Downloads\\Refactoring-Swarm-Equipe-Guembo\nplugins: anyio-4.12.0\ncollecting ... collected 9 items\n\nsandbox/test_bad_syntax.py::test_calculate_sum_positive_integers PASSED  [ 11%]\nsandbox/test_bad_syntax.py::test_calculate_sum_negative_integers PASSED  [ 22%]\nsandbox/test_bad_syntax.py::test_calculate_sum_mixed_integers PASSED     [ 33%]\nsandbox/test_bad_syntax.py::test_calculate_sum_with_zero PASSED          [ 44%]\nsandbox/test_bad_syntax.py::test_calculate_sum_large_integers PASSED     [ 55%]\nsandbox/test_bad_syntax.py::test_calculate_sum_with_floats PASSED        [ 66%]\nsandbox/test_bad_syntax.py::test_calculate_sum_with_strings PASSED       [ 77%]\nsandbox/test_bad_syntax.py::test_calculate_sum_with_lists PASSED         [ 88%]\nsandbox/test_bad_syntax.py::test_calculate_sum_type_error_unsupported_types PASSED [100%]\n\n============================== 9 passed in 0.03s ==============================\n",
            "pylint_report": "************* Module bad_syntax\nsandbox\\bad_syntax.py:18:0: C0304: Final newline missing (missing-final-newline)\n\n------------------------------------------------------------------\nYour code has been rated at 5.00/10 (previous run: 0.00/10, +5.00)\n\n",
            "file_validated": "bad_syntax.py",
            "iteration": 2,
            "tests_passed": true,
            "pylint_score": 5.0
        },
        "status": "FAILED"
    },
    {
        "id": "5697d779-ca50-4bbc-a093-e57aa5333d47",
        "timestamp": "2026-02-28T23:31:15.745252",
        "agent": "Fixer",
        "model": "gemini-2.5-flash-lite",
        "action": "FIX",
        "details": {
            "input_prompt": "**File:** bad_syntax.py\n**Iteration:** 3/10\n\n**Original Code:**\n```python\n\"\"\"\nThis module provides a simple utility function to calculate the sum of two integers.\nIt serves as an example for demonstrating Python best practices including\ntype hinting, docstrings, and adherence to PEP 8.\n\"\"\"\n\n\ndef calculate_sum(a: int, b: int) -> int:\n    \"\"\"Calculates the sum of two integers.\n\n    Args:\n        a: The first integer.\n        b: The second integer.\n\n    Returns:\n        The sum of a and b.\n    \"\"\"\n    return a + b\n```\n\n**Refactoring Plan from Auditor:**\n## Critical Issues\n-   **Syntax Error (Line 1):** The function definition `def calculate_sum(a, b)` is missing a colon `:` at the end. This is a critical syntax error that prevents the Python interpreter from parsing the file, leading to the `E0001` Pylint error and making the code unexecutable.\n\n## Style & Convention Violations\n-   **Comment Style (Line 1):** The comment ` # Manque le deux-points` has a leading space before the hash `#` and is in French. While the content is descriptive, standard practice is ` #` (one space after hash) and comments should ideally be in the primary language of the codebase for consistency.\n\n## Type Hints Required\n-   **Function Parameters (Line 1):** The parameters `a` and `b` in `calculate_sum` lack type annotations.\n-   **Function Return Type (Line 1):** The `calculate_sum` function is missing a return type annotation.\n\n## Best Practice Improvements\n-   **Docstring (Line 1):** The `calculate_sum` function lacks a docstring. A docstring is essential for explaining the function's purpose, its arguments, and what it returns, significantly improving code readability and maintainability.\n\n## Refactoring Recommendations\n\n1.  **Fix Syntax Error (Line 1):** Add a colon `:` at the end of the function definition line.\n    *   **Original:** `def calculate_sum(a, b)  # Manque le deux-points`\n    *   **Refactored:** `def calculate_sum(a, b):`\n\n2.  **Add Type Hints (Line 1):** Annotate the parameters `a` and `b` and the return type. Assuming `a` and `b` are intended to be integers (or `float` if decimal numbers are expected).\n    *   **Refactored:** `def calculate_sum(a: int, b: int) -> int:`\n\n3.  **Add Docstring (Line 2):** Provide a clear docstring explaining the function's purpose, arguments, and return value.\n    *   **Refactored (after fixing syntax and adding type hints):**\n        ```python\n        def calculate_sum(a: int, b: int) -> int:\n            \"\"\"Calculates the sum of two integers.\n\n            Args:\n                a: The first integer.\n                b: The second integer.\n\n            Returns:\n                The sum of a and b.\n            \"\"\"\n            return a + b\n        ```\n\n4.  **Remove or Translate Comment (Line 1):** The original comment ` # Manque le deux-points` becomes redundant after the syntax fix. It should be removed or translated and integrated into the docstring if the information is still relevant.\n\n## Overall Assessment\nThe provided code is fundamentally broken due to a critical syntax error (missing colon in function definition), which prevents it from being executed. This is the highest priority fix. Once the syntax is corrected, the code also lacks essential best practices such as type hints and a docstring, which are crucial for code clarity, maintainability, and static analysis. The recommended fixes are straightforward and will bring the code up to a basic professional standard.\n\n**Pylint Report:**\n```\n************* Module bad_syntax\nsandbox\\bad_syntax.py:18:0: C0304: Final newline missing (missing-final-newline)\n\n------------------------------------------------------------------\nYour code has been rated at 5.00/10 (previous run: 0.00/10, +5.00)\n\n\n```\n\n**Previous Test Results (FAILURES TO FIX):**\n```\n✅ All tests passed!\n\n============================= test session starts =============================\nplatform win32 -- Python 3.11.9, pytest-7.4.4, pluggy-1.6.0 -- C:\\Users\\B-TECH\\Downloads\\Refactoring-Swarm-Equipe-Guembo\\.venv\\Scripts\\python.exe\ncachedir: .pytest_cache\nrootdir: C:\\Users\\B-TECH\\Downloads\\Refactoring-Swarm-Equipe-Guembo\nplugins: anyio-4.12.0\ncollecting ... collected 9 items\n\nsandbox/test_bad_syntax.py::test_calculate_sum_positive_integers PASSED  [ 11%]\nsandbox/test_bad_syntax.py::test_calculate_sum_negative_integers PASSED  [ 22%]\nsandbox/test_bad_syntax.py::test_calculate_sum_mixed_integers PASSED     [ 33%]\nsandbox/test_bad_syntax.py::test_calculate_sum_with_zero PASSED          [ 44%]\nsandbox/test_bad_syntax.py::test_calculate_sum_large_integers PASSED     [ 55%]\nsandbox/test_bad_syntax.py::test_calculate_sum_with_floats PASSED        [ 66%]\nsandbox/test_bad_syntax.py::test_calculate_sum_with_strings PASSED       [ 77%]\nsandbox/test_bad_syntax.py::test_calculate_sum_with_lists PASSED         [ 88%]\nsandbox/test_bad_syntax.py::test_calculate_sum_type_error_unsupported_types PASSED [100%]\n\n============================== 9 passed in 0.03s ==============================\n\n```\n\n⚠️ **IMPORTANT:** This is attempt #3. The previous fix attempt failed the tests above.\nCarefully analyze the error messages and fix the root cause. Do not repeat the same mistakes.\n\n\nProvide the COMPLETE corrected code now.",
            "output_response": "```python\n\"\"\"\nThis module provides a simple utility function to calculate the sum of two integers.\nIt serves as an example for demonstrating Python best practices including\ntype hinting, docstrings, and adherence to PEP 8.\n\"\"\"\n\n\ndef calculate_sum(a: int, b: int) -> int:\n    \"\"\"Calculates the sum of two integers.\n\n    Args:\n        a: The first integer.\n        b: The second integer.\n\n    Returns:\n        The sum of a and b.\n    \"\"\"\n    return a + b\n```",
            "file_fixed": "bad_syntax.py",
            "iteration": 3,
            "code_length": 442
        },
        "status": "SUCCESS"
    },
    {
        "id": "51c6ce26-330e-41ec-aec5-2b6fbbc88f21",
        "timestamp": "2026-02-28T23:31:17.597376",
        "agent": "Judge",
        "model": "gemini-2.5-flash-lite",
        "action": "DEBUG",
        "details": {
            "input_prompt": "Validating bad_syntax.py at iteration 3",
            "output_response": "Tests passed: True, Pylint score: 5.0",
            "test_results": "✅ All tests passed!\n\n============================= test session starts =============================\nplatform win32 -- Python 3.11.9, pytest-7.4.4, pluggy-1.6.0 -- C:\\Users\\B-TECH\\Downloads\\Refactoring-Swarm-Equipe-Guembo\\.venv\\Scripts\\python.exe\ncachedir: .pytest_cache\nrootdir: C:\\Users\\B-TECH\\Downloads\\Refactoring-Swarm-Equipe-Guembo\nplugins: anyio-4.12.0\ncollecting ... collected 9 items\n\nsandbox/test_bad_syntax.py::test_calculate_sum_positive_integers PASSED  [ 11%]\nsandbox/test_bad_syntax.py::test_calculate_sum_negative_integers PASSED  [ 22%]\nsandbox/test_bad_syntax.py::test_calculate_sum_mixed_integers PASSED     [ 33%]\nsandbox/test_bad_syntax.py::test_calculate_sum_with_zero PASSED          [ 44%]\nsandbox/test_bad_syntax.py::test_calculate_sum_large_integers PASSED     [ 55%]\nsandbox/test_bad_syntax.py::test_calculate_sum_with_floats PASSED        [ 66%]\nsandbox/test_bad_syntax.py::test_calculate_sum_with_strings PASSED       [ 77%]\nsandbox/test_bad_syntax.py::test_calculate_sum_with_lists PASSED         [ 88%]\nsandbox/test_bad_syntax.py::test_calculate_sum_type_error_unsupported_types PASSED [100%]\n\n============================== 9 passed in 0.03s ==============================\n",
            "pylint_report": "************* Module bad_syntax\nsandbox\\bad_syntax.py:18:0: C0304: Final newline missing (missing-final-newline)\n\n------------------------------------------------------------------\nYour code has been rated at 5.00/10 (previous run: 5.00/10, +0.00)\n\n",
            "file_validated": "bad_syntax.py",
            "iteration": 3,
            "tests_passed": true,
            "pylint_score": 5.0
        },
        "status": "FAILED"
    },
    {
        "id": "c5520fb0-d85a-4107-a400-bd55b6619819",
        "timestamp": "2026-02-28T23:31:25.871908",
        "agent": "Fixer",
        "model": "gemini-2.5-flash-lite",
        "action": "FIX",
        "details": {
            "input_prompt": "**File:** bad_syntax.py\n**Iteration:** 4/10\n\n**Original Code:**\n```python\n\"\"\"\nThis module provides a simple utility function to calculate the sum of two integers.\nIt serves as an example for demonstrating Python best practices including\ntype hinting, docstrings, and adherence to PEP 8.\n\"\"\"\n\n\ndef calculate_sum(a: int, b: int) -> int:\n    \"\"\"Calculates the sum of two integers.\n\n    Args:\n        a: The first integer.\n        b: The second integer.\n\n    Returns:\n        The sum of a and b.\n    \"\"\"\n    return a + b\n```\n\n**Refactoring Plan from Auditor:**\n## Critical Issues\n-   **Syntax Error (Line 1):** The function definition `def calculate_sum(a, b)` is missing a colon `:` at the end. This is a critical syntax error that prevents the Python interpreter from parsing the file, leading to the `E0001` Pylint error and making the code unexecutable.\n\n## Style & Convention Violations\n-   **Comment Style (Line 1):** The comment ` # Manque le deux-points` has a leading space before the hash `#` and is in French. While the content is descriptive, standard practice is ` #` (one space after hash) and comments should ideally be in the primary language of the codebase for consistency.\n\n## Type Hints Required\n-   **Function Parameters (Line 1):** The parameters `a` and `b` in `calculate_sum` lack type annotations.\n-   **Function Return Type (Line 1):** The `calculate_sum` function is missing a return type annotation.\n\n## Best Practice Improvements\n-   **Docstring (Line 1):** The `calculate_sum` function lacks a docstring. A docstring is essential for explaining the function's purpose, its arguments, and what it returns, significantly improving code readability and maintainability.\n\n## Refactoring Recommendations\n\n1.  **Fix Syntax Error (Line 1):** Add a colon `:` at the end of the function definition line.\n    *   **Original:** `def calculate_sum(a, b)  # Manque le deux-points`\n    *   **Refactored:** `def calculate_sum(a, b):`\n\n2.  **Add Type Hints (Line 1):** Annotate the parameters `a` and `b` and the return type. Assuming `a` and `b` are intended to be integers (or `float` if decimal numbers are expected).\n    *   **Refactored:** `def calculate_sum(a: int, b: int) -> int:`\n\n3.  **Add Docstring (Line 2):** Provide a clear docstring explaining the function's purpose, arguments, and return value.\n    *   **Refactored (after fixing syntax and adding type hints):**\n        ```python\n        def calculate_sum(a: int, b: int) -> int:\n            \"\"\"Calculates the sum of two integers.\n\n            Args:\n                a: The first integer.\n                b: The second integer.\n\n            Returns:\n                The sum of a and b.\n            \"\"\"\n            return a + b\n        ```\n\n4.  **Remove or Translate Comment (Line 1):** The original comment ` # Manque le deux-points` becomes redundant after the syntax fix. It should be removed or translated and integrated into the docstring if the information is still relevant.\n\n## Overall Assessment\nThe provided code is fundamentally broken due to a critical syntax error (missing colon in function definition), which prevents it from being executed. This is the highest priority fix. Once the syntax is corrected, the code also lacks essential best practices such as type hints and a docstring, which are crucial for code clarity, maintainability, and static analysis. The recommended fixes are straightforward and will bring the code up to a basic professional standard.\n\n**Pylint Report:**\n```\n************* Module bad_syntax\nsandbox\\bad_syntax.py:18:0: C0304: Final newline missing (missing-final-newline)\n\n------------------------------------------------------------------\nYour code has been rated at 5.00/10 (previous run: 5.00/10, +0.00)\n\n\n```\n\n**Previous Test Results (FAILURES TO FIX):**\n```\n✅ All tests passed!\n\n============================= test session starts =============================\nplatform win32 -- Python 3.11.9, pytest-7.4.4, pluggy-1.6.0 -- C:\\Users\\B-TECH\\Downloads\\Refactoring-Swarm-Equipe-Guembo\\.venv\\Scripts\\python.exe\ncachedir: .pytest_cache\nrootdir: C:\\Users\\B-TECH\\Downloads\\Refactoring-Swarm-Equipe-Guembo\nplugins: anyio-4.12.0\ncollecting ... collected 9 items\n\nsandbox/test_bad_syntax.py::test_calculate_sum_positive_integers PASSED  [ 11%]\nsandbox/test_bad_syntax.py::test_calculate_sum_negative_integers PASSED  [ 22%]\nsandbox/test_bad_syntax.py::test_calculate_sum_mixed_integers PASSED     [ 33%]\nsandbox/test_bad_syntax.py::test_calculate_sum_with_zero PASSED          [ 44%]\nsandbox/test_bad_syntax.py::test_calculate_sum_large_integers PASSED     [ 55%]\nsandbox/test_bad_syntax.py::test_calculate_sum_with_floats PASSED        [ 66%]\nsandbox/test_bad_syntax.py::test_calculate_sum_with_strings PASSED       [ 77%]\nsandbox/test_bad_syntax.py::test_calculate_sum_with_lists PASSED         [ 88%]\nsandbox/test_bad_syntax.py::test_calculate_sum_type_error_unsupported_types PASSED [100%]\n\n============================== 9 passed in 0.03s ==============================\n\n```\n\n⚠️ **IMPORTANT:** This is attempt #4. The previous fix attempt failed the tests above.\nCarefully analyze the error messages and fix the root cause. Do not repeat the same mistakes.\n\n\nProvide the COMPLETE corrected code now.",
            "output_response": "```python\n\"\"\"\nThis module provides a simple utility function to calculate the sum of two integers.\nIt serves as an example for demonstrating Python best practices including\ntype hinting, docstrings, and adherence to PEP 8.\n\"\"\"\n\n\ndef calculate_sum(a: int, b: int) -> int:\n    \"\"\"Calculates the sum of two integers.\n\n    Args:\n        a: The first integer.\n        b: The second integer.\n\n    Returns:\n        The sum of a and b.\n    \"\"\"\n    return a + b\n```",
            "file_fixed": "bad_syntax.py",
            "iteration": 4,
            "code_length": 442
        },
        "status": "SUCCESS"
    },
    {
        "id": "b2379bb6-de1b-43f8-9b10-f984a2bf5d72",
        "timestamp": "2026-02-28T23:31:27.557613",
        "agent": "Judge",
        "model": "gemini-2.5-flash-lite",
        "action": "DEBUG",
        "details": {
            "input_prompt": "Validating bad_syntax.py at iteration 4",
            "output_response": "Tests passed: True, Pylint score: 5.0",
            "test_results": "✅ All tests passed!\n\n============================= test session starts =============================\nplatform win32 -- Python 3.11.9, pytest-7.4.4, pluggy-1.6.0 -- C:\\Users\\B-TECH\\Downloads\\Refactoring-Swarm-Equipe-Guembo\\.venv\\Scripts\\python.exe\ncachedir: .pytest_cache\nrootdir: C:\\Users\\B-TECH\\Downloads\\Refactoring-Swarm-Equipe-Guembo\nplugins: anyio-4.12.0\ncollecting ... collected 9 items\n\nsandbox/test_bad_syntax.py::test_calculate_sum_positive_integers PASSED  [ 11%]\nsandbox/test_bad_syntax.py::test_calculate_sum_negative_integers PASSED  [ 22%]\nsandbox/test_bad_syntax.py::test_calculate_sum_mixed_integers PASSED     [ 33%]\nsandbox/test_bad_syntax.py::test_calculate_sum_with_zero PASSED          [ 44%]\nsandbox/test_bad_syntax.py::test_calculate_sum_large_integers PASSED     [ 55%]\nsandbox/test_bad_syntax.py::test_calculate_sum_with_floats PASSED        [ 66%]\nsandbox/test_bad_syntax.py::test_calculate_sum_with_strings PASSED       [ 77%]\nsandbox/test_bad_syntax.py::test_calculate_sum_with_lists PASSED         [ 88%]\nsandbox/test_bad_syntax.py::test_calculate_sum_type_error_unsupported_types PASSED [100%]\n\n============================== 9 passed in 0.03s ==============================\n",
            "pylint_report": "************* Module bad_syntax\nsandbox\\bad_syntax.py:18:0: C0304: Final newline missing (missing-final-newline)\n\n------------------------------------------------------------------\nYour code has been rated at 5.00/10 (previous run: 5.00/10, +0.00)\n\n",
            "file_validated": "bad_syntax.py",
            "iteration": 4,
            "tests_passed": true,
            "pylint_score": 5.0
        },
        "status": "FAILED"
    },
    {
        "id": "1d57513d-8e5f-4af1-b4ee-601363218473",
        "timestamp": "2026-02-28T23:31:42.347493",
        "agent": "Fixer",
        "model": "gemini-2.5-flash-lite",
        "action": "FIX",
        "details": {
            "input_prompt": "**File:** bad_syntax.py\n**Iteration:** 5/10\n\n**Original Code:**\n```python\n\"\"\"\nThis module provides a simple utility function to calculate the sum of two integers.\nIt serves as an example for demonstrating Python best practices including\ntype hinting, docstrings, and adherence to PEP 8.\n\"\"\"\n\n\ndef calculate_sum(a: int, b: int) -> int:\n    \"\"\"Calculates the sum of two integers.\n\n    Args:\n        a: The first integer.\n        b: The second integer.\n\n    Returns:\n        The sum of a and b.\n    \"\"\"\n    return a + b\n```\n\n**Refactoring Plan from Auditor:**\n## Critical Issues\n-   **Syntax Error (Line 1):** The function definition `def calculate_sum(a, b)` is missing a colon `:` at the end. This is a critical syntax error that prevents the Python interpreter from parsing the file, leading to the `E0001` Pylint error and making the code unexecutable.\n\n## Style & Convention Violations\n-   **Comment Style (Line 1):** The comment ` # Manque le deux-points` has a leading space before the hash `#` and is in French. While the content is descriptive, standard practice is ` #` (one space after hash) and comments should ideally be in the primary language of the codebase for consistency.\n\n## Type Hints Required\n-   **Function Parameters (Line 1):** The parameters `a` and `b` in `calculate_sum` lack type annotations.\n-   **Function Return Type (Line 1):** The `calculate_sum` function is missing a return type annotation.\n\n## Best Practice Improvements\n-   **Docstring (Line 1):** The `calculate_sum` function lacks a docstring. A docstring is essential for explaining the function's purpose, its arguments, and what it returns, significantly improving code readability and maintainability.\n\n## Refactoring Recommendations\n\n1.  **Fix Syntax Error (Line 1):** Add a colon `:` at the end of the function definition line.\n    *   **Original:** `def calculate_sum(a, b)  # Manque le deux-points`\n    *   **Refactored:** `def calculate_sum(a, b):`\n\n2.  **Add Type Hints (Line 1):** Annotate the parameters `a` and `b` and the return type. Assuming `a` and `b` are intended to be integers (or `float` if decimal numbers are expected).\n    *   **Refactored:** `def calculate_sum(a: int, b: int) -> int:`\n\n3.  **Add Docstring (Line 2):** Provide a clear docstring explaining the function's purpose, arguments, and return value.\n    *   **Refactored (after fixing syntax and adding type hints):**\n        ```python\n        def calculate_sum(a: int, b: int) -> int:\n            \"\"\"Calculates the sum of two integers.\n\n            Args:\n                a: The first integer.\n                b: The second integer.\n\n            Returns:\n                The sum of a and b.\n            \"\"\"\n            return a + b\n        ```\n\n4.  **Remove or Translate Comment (Line 1):** The original comment ` # Manque le deux-points` becomes redundant after the syntax fix. It should be removed or translated and integrated into the docstring if the information is still relevant.\n\n## Overall Assessment\nThe provided code is fundamentally broken due to a critical syntax error (missing colon in function definition), which prevents it from being executed. This is the highest priority fix. Once the syntax is corrected, the code also lacks essential best practices such as type hints and a docstring, which are crucial for code clarity, maintainability, and static analysis. The recommended fixes are straightforward and will bring the code up to a basic professional standard.\n\n**Pylint Report:**\n```\n************* Module bad_syntax\nsandbox\\bad_syntax.py:18:0: C0304: Final newline missing (missing-final-newline)\n\n------------------------------------------------------------------\nYour code has been rated at 5.00/10 (previous run: 5.00/10, +0.00)\n\n\n```\n\n**Previous Test Results (FAILURES TO FIX):**\n```\n✅ All tests passed!\n\n============================= test session starts =============================\nplatform win32 -- Python 3.11.9, pytest-7.4.4, pluggy-1.6.0 -- C:\\Users\\B-TECH\\Downloads\\Refactoring-Swarm-Equipe-Guembo\\.venv\\Scripts\\python.exe\ncachedir: .pytest_cache\nrootdir: C:\\Users\\B-TECH\\Downloads\\Refactoring-Swarm-Equipe-Guembo\nplugins: anyio-4.12.0\ncollecting ... collected 9 items\n\nsandbox/test_bad_syntax.py::test_calculate_sum_positive_integers PASSED  [ 11%]\nsandbox/test_bad_syntax.py::test_calculate_sum_negative_integers PASSED  [ 22%]\nsandbox/test_bad_syntax.py::test_calculate_sum_mixed_integers PASSED     [ 33%]\nsandbox/test_bad_syntax.py::test_calculate_sum_with_zero PASSED          [ 44%]\nsandbox/test_bad_syntax.py::test_calculate_sum_large_integers PASSED     [ 55%]\nsandbox/test_bad_syntax.py::test_calculate_sum_with_floats PASSED        [ 66%]\nsandbox/test_bad_syntax.py::test_calculate_sum_with_strings PASSED       [ 77%]\nsandbox/test_bad_syntax.py::test_calculate_sum_with_lists PASSED         [ 88%]\nsandbox/test_bad_syntax.py::test_calculate_sum_type_error_unsupported_types PASSED [100%]\n\n============================== 9 passed in 0.03s ==============================\n\n```\n\n⚠️ **IMPORTANT:** This is attempt #5. The previous fix attempt failed the tests above.\nCarefully analyze the error messages and fix the root cause. Do not repeat the same mistakes.\n\n\nProvide the COMPLETE corrected code now.",
            "output_response": "```python\n\"\"\"\nThis module provides a simple utility function to calculate the sum of two integers.\nIt serves as an example for demonstrating Python best practices including\ntype hinting, docstrings, and adherence to PEP 8.\n\"\"\"\n\n\ndef calculate_sum(a: int, b: int) -> int:\n    \"\"\"Calculates the sum of two integers.\n\n    Args:\n        a: The first integer.\n        b: The second integer.\n\n    Returns:\n        The sum of a and b.\n    \"\"\"\n    return a + b\n```",
            "file_fixed": "bad_syntax.py",
            "iteration": 5,
            "code_length": 442
        },
        "status": "SUCCESS"
    },
    {
        "id": "206d9cf0-dff7-48d6-a0fd-3047d0ce6e61",
        "timestamp": "2026-02-28T23:31:44.564603",
        "agent": "Judge",
        "model": "gemini-2.5-flash-lite",
        "action": "DEBUG",
        "details": {
            "input_prompt": "Validating bad_syntax.py at iteration 5",
            "output_response": "Tests passed: True, Pylint score: 5.0",
            "test_results": "✅ All tests passed!\n\n============================= test session starts =============================\nplatform win32 -- Python 3.11.9, pytest-7.4.4, pluggy-1.6.0 -- C:\\Users\\B-TECH\\Downloads\\Refactoring-Swarm-Equipe-Guembo\\.venv\\Scripts\\python.exe\ncachedir: .pytest_cache\nrootdir: C:\\Users\\B-TECH\\Downloads\\Refactoring-Swarm-Equipe-Guembo\nplugins: anyio-4.12.0\ncollecting ... collected 9 items\n\nsandbox/test_bad_syntax.py::test_calculate_sum_positive_integers PASSED  [ 11%]\nsandbox/test_bad_syntax.py::test_calculate_sum_negative_integers PASSED  [ 22%]\nsandbox/test_bad_syntax.py::test_calculate_sum_mixed_integers PASSED     [ 33%]\nsandbox/test_bad_syntax.py::test_calculate_sum_with_zero PASSED          [ 44%]\nsandbox/test_bad_syntax.py::test_calculate_sum_large_integers PASSED     [ 55%]\nsandbox/test_bad_syntax.py::test_calculate_sum_with_floats PASSED        [ 66%]\nsandbox/test_bad_syntax.py::test_calculate_sum_with_strings PASSED       [ 77%]\nsandbox/test_bad_syntax.py::test_calculate_sum_with_lists PASSED         [ 88%]\nsandbox/test_bad_syntax.py::test_calculate_sum_type_error_unsupported_types PASSED [100%]\n\n============================== 9 passed in 0.06s ==============================\n",
            "pylint_report": "************* Module bad_syntax\nsandbox\\bad_syntax.py:18:0: C0304: Final newline missing (missing-final-newline)\n\n------------------------------------------------------------------\nYour code has been rated at 5.00/10 (previous run: 5.00/10, +0.00)\n\n",
            "file_validated": "bad_syntax.py",
            "iteration": 5,
            "tests_passed": true,
            "pylint_score": 5.0
        },
        "status": "FAILED"
    },
    {
        "id": "ca6b4860-47df-46b9-9d5b-0e4de44cc909",
        "timestamp": "2026-02-28T23:31:50.385037",
        "agent": "Fixer",
        "model": "gemini-2.5-flash-lite",
        "action": "FIX",
        "details": {
            "input_prompt": "**File:** bad_syntax.py\n**Iteration:** 6/10\n\n**Original Code:**\n```python\n\"\"\"\nThis module provides a simple utility function to calculate the sum of two integers.\nIt serves as an example for demonstrating Python best practices including\ntype hinting, docstrings, and adherence to PEP 8.\n\"\"\"\n\n\ndef calculate_sum(a: int, b: int) -> int:\n    \"\"\"Calculates the sum of two integers.\n\n    Args:\n        a: The first integer.\n        b: The second integer.\n\n    Returns:\n        The sum of a and b.\n    \"\"\"\n    return a + b\n```\n\n**Refactoring Plan from Auditor:**\n## Critical Issues\n-   **Syntax Error (Line 1):** The function definition `def calculate_sum(a, b)` is missing a colon `:` at the end. This is a critical syntax error that prevents the Python interpreter from parsing the file, leading to the `E0001` Pylint error and making the code unexecutable.\n\n## Style & Convention Violations\n-   **Comment Style (Line 1):** The comment ` # Manque le deux-points` has a leading space before the hash `#` and is in French. While the content is descriptive, standard practice is ` #` (one space after hash) and comments should ideally be in the primary language of the codebase for consistency.\n\n## Type Hints Required\n-   **Function Parameters (Line 1):** The parameters `a` and `b` in `calculate_sum` lack type annotations.\n-   **Function Return Type (Line 1):** The `calculate_sum` function is missing a return type annotation.\n\n## Best Practice Improvements\n-   **Docstring (Line 1):** The `calculate_sum` function lacks a docstring. A docstring is essential for explaining the function's purpose, its arguments, and what it returns, significantly improving code readability and maintainability.\n\n## Refactoring Recommendations\n\n1.  **Fix Syntax Error (Line 1):** Add a colon `:` at the end of the function definition line.\n    *   **Original:** `def calculate_sum(a, b)  # Manque le deux-points`\n    *   **Refactored:** `def calculate_sum(a, b):`\n\n2.  **Add Type Hints (Line 1):** Annotate the parameters `a` and `b` and the return type. Assuming `a` and `b` are intended to be integers (or `float` if decimal numbers are expected).\n    *   **Refactored:** `def calculate_sum(a: int, b: int) -> int:`\n\n3.  **Add Docstring (Line 2):** Provide a clear docstring explaining the function's purpose, arguments, and return value.\n    *   **Refactored (after fixing syntax and adding type hints):**\n        ```python\n        def calculate_sum(a: int, b: int) -> int:\n            \"\"\"Calculates the sum of two integers.\n\n            Args:\n                a: The first integer.\n                b: The second integer.\n\n            Returns:\n                The sum of a and b.\n            \"\"\"\n            return a + b\n        ```\n\n4.  **Remove or Translate Comment (Line 1):** The original comment ` # Manque le deux-points` becomes redundant after the syntax fix. It should be removed or translated and integrated into the docstring if the information is still relevant.\n\n## Overall Assessment\nThe provided code is fundamentally broken due to a critical syntax error (missing colon in function definition), which prevents it from being executed. This is the highest priority fix. Once the syntax is corrected, the code also lacks essential best practices such as type hints and a docstring, which are crucial for code clarity, maintainability, and static analysis. The recommended fixes are straightforward and will bring the code up to a basic professional standard.\n\n**Pylint Report:**\n```\n************* Module bad_syntax\nsandbox\\bad_syntax.py:18:0: C0304: Final newline missing (missing-final-newline)\n\n------------------------------------------------------------------\nYour code has been rated at 5.00/10 (previous run: 5.00/10, +0.00)\n\n\n```\n\n**Previous Test Results (FAILURES TO FIX):**\n```\n✅ All tests passed!\n\n============================= test session starts =============================\nplatform win32 -- Python 3.11.9, pytest-7.4.4, pluggy-1.6.0 -- C:\\Users\\B-TECH\\Downloads\\Refactoring-Swarm-Equipe-Guembo\\.venv\\Scripts\\python.exe\ncachedir: .pytest_cache\nrootdir: C:\\Users\\B-TECH\\Downloads\\Refactoring-Swarm-Equipe-Guembo\nplugins: anyio-4.12.0\ncollecting ... collected 9 items\n\nsandbox/test_bad_syntax.py::test_calculate_sum_positive_integers PASSED  [ 11%]\nsandbox/test_bad_syntax.py::test_calculate_sum_negative_integers PASSED  [ 22%]\nsandbox/test_bad_syntax.py::test_calculate_sum_mixed_integers PASSED     [ 33%]\nsandbox/test_bad_syntax.py::test_calculate_sum_with_zero PASSED          [ 44%]\nsandbox/test_bad_syntax.py::test_calculate_sum_large_integers PASSED     [ 55%]\nsandbox/test_bad_syntax.py::test_calculate_sum_with_floats PASSED        [ 66%]\nsandbox/test_bad_syntax.py::test_calculate_sum_with_strings PASSED       [ 77%]\nsandbox/test_bad_syntax.py::test_calculate_sum_with_lists PASSED         [ 88%]\nsandbox/test_bad_syntax.py::test_calculate_sum_type_error_unsupported_types PASSED [100%]\n\n============================== 9 passed in 0.06s ==============================\n\n```\n\n⚠️ **IMPORTANT:** This is attempt #6. The previous fix attempt failed the tests above.\nCarefully analyze the error messages and fix the root cause. Do not repeat the same mistakes.\n\n\nProvide the COMPLETE corrected code now.",
            "output_response": "```python\n\"\"\"\nThis module provides a simple utility function to calculate the sum of two integers.\nIt serves as an example for demonstrating Python best practices including\ntype hinting, docstrings, and adherence to PEP 8.\n\"\"\"\n\n\ndef calculate_sum(a: int, b: int) -> int:\n    \"\"\"Calculates the sum of two integers.\n\n    Args:\n        a: The first integer.\n        b: The second integer.\n\n    Returns:\n        The sum of a and b.\n    \"\"\"\n    return a + b\n```",
            "file_fixed": "bad_syntax.py",
            "iteration": 6,
            "code_length": 442
        },
        "status": "SUCCESS"
    },
    {
        "id": "7b834c82-a7a2-435d-aea1-ed9509e6293a",
        "timestamp": "2026-02-28T23:31:52.285162",
        "agent": "Judge",
        "model": "gemini-2.5-flash-lite",
        "action": "DEBUG",
        "details": {
            "input_prompt": "Validating bad_syntax.py at iteration 6",
            "output_response": "Tests passed: True, Pylint score: 5.0",
            "test_results": "✅ All tests passed!\n\n============================= test session starts =============================\nplatform win32 -- Python 3.11.9, pytest-7.4.4, pluggy-1.6.0 -- C:\\Users\\B-TECH\\Downloads\\Refactoring-Swarm-Equipe-Guembo\\.venv\\Scripts\\python.exe\ncachedir: .pytest_cache\nrootdir: C:\\Users\\B-TECH\\Downloads\\Refactoring-Swarm-Equipe-Guembo\nplugins: anyio-4.12.0\ncollecting ... collected 9 items\n\nsandbox/test_bad_syntax.py::test_calculate_sum_positive_integers PASSED  [ 11%]\nsandbox/test_bad_syntax.py::test_calculate_sum_negative_integers PASSED  [ 22%]\nsandbox/test_bad_syntax.py::test_calculate_sum_mixed_integers PASSED     [ 33%]\nsandbox/test_bad_syntax.py::test_calculate_sum_with_zero PASSED          [ 44%]\nsandbox/test_bad_syntax.py::test_calculate_sum_large_integers PASSED     [ 55%]\nsandbox/test_bad_syntax.py::test_calculate_sum_with_floats PASSED        [ 66%]\nsandbox/test_bad_syntax.py::test_calculate_sum_with_strings PASSED       [ 77%]\nsandbox/test_bad_syntax.py::test_calculate_sum_with_lists PASSED         [ 88%]\nsandbox/test_bad_syntax.py::test_calculate_sum_type_error_unsupported_types PASSED [100%]\n\n============================== 9 passed in 0.03s ==============================\n",
            "pylint_report": "************* Module bad_syntax\nsandbox\\bad_syntax.py:18:0: C0304: Final newline missing (missing-final-newline)\n\n------------------------------------------------------------------\nYour code has been rated at 5.00/10 (previous run: 5.00/10, +0.00)\n\n",
            "file_validated": "bad_syntax.py",
            "iteration": 6,
            "tests_passed": true,
            "pylint_score": 5.0
        },
        "status": "FAILED"
    },
    {
        "id": "b1062d5b-d333-4af9-afd1-08f288d959cf",
        "timestamp": "2026-02-28T23:31:56.931082",
        "agent": "Fixer",
        "model": "gemini-2.5-flash-lite",
        "action": "FIX",
        "details": {
            "input_prompt": "**File:** bad_syntax.py\n**Iteration:** 7/10\n\n**Original Code:**\n```python\n\"\"\"\nThis module provides a simple utility function to calculate the sum of two integers.\nIt serves as an example for demonstrating Python best practices including\ntype hinting, docstrings, and adherence to PEP 8.\n\"\"\"\n\n\ndef calculate_sum(a: int, b: int) -> int:\n    \"\"\"Calculates the sum of two integers.\n\n    Args:\n        a: The first integer.\n        b: The second integer.\n\n    Returns:\n        The sum of a and b.\n    \"\"\"\n    return a + b\n```\n\n**Refactoring Plan from Auditor:**\n## Critical Issues\n-   **Syntax Error (Line 1):** The function definition `def calculate_sum(a, b)` is missing a colon `:` at the end. This is a critical syntax error that prevents the Python interpreter from parsing the file, leading to the `E0001` Pylint error and making the code unexecutable.\n\n## Style & Convention Violations\n-   **Comment Style (Line 1):** The comment ` # Manque le deux-points` has a leading space before the hash `#` and is in French. While the content is descriptive, standard practice is ` #` (one space after hash) and comments should ideally be in the primary language of the codebase for consistency.\n\n## Type Hints Required\n-   **Function Parameters (Line 1):** The parameters `a` and `b` in `calculate_sum` lack type annotations.\n-   **Function Return Type (Line 1):** The `calculate_sum` function is missing a return type annotation.\n\n## Best Practice Improvements\n-   **Docstring (Line 1):** The `calculate_sum` function lacks a docstring. A docstring is essential for explaining the function's purpose, its arguments, and what it returns, significantly improving code readability and maintainability.\n\n## Refactoring Recommendations\n\n1.  **Fix Syntax Error (Line 1):** Add a colon `:` at the end of the function definition line.\n    *   **Original:** `def calculate_sum(a, b)  # Manque le deux-points`\n    *   **Refactored:** `def calculate_sum(a, b):`\n\n2.  **Add Type Hints (Line 1):** Annotate the parameters `a` and `b` and the return type. Assuming `a` and `b` are intended to be integers (or `float` if decimal numbers are expected).\n    *   **Refactored:** `def calculate_sum(a: int, b: int) -> int:`\n\n3.  **Add Docstring (Line 2):** Provide a clear docstring explaining the function's purpose, arguments, and return value.\n    *   **Refactored (after fixing syntax and adding type hints):**\n        ```python\n        def calculate_sum(a: int, b: int) -> int:\n            \"\"\"Calculates the sum of two integers.\n\n            Args:\n                a: The first integer.\n                b: The second integer.\n\n            Returns:\n                The sum of a and b.\n            \"\"\"\n            return a + b\n        ```\n\n4.  **Remove or Translate Comment (Line 1):** The original comment ` # Manque le deux-points` becomes redundant after the syntax fix. It should be removed or translated and integrated into the docstring if the information is still relevant.\n\n## Overall Assessment\nThe provided code is fundamentally broken due to a critical syntax error (missing colon in function definition), which prevents it from being executed. This is the highest priority fix. Once the syntax is corrected, the code also lacks essential best practices such as type hints and a docstring, which are crucial for code clarity, maintainability, and static analysis. The recommended fixes are straightforward and will bring the code up to a basic professional standard.\n\n**Pylint Report:**\n```\n************* Module bad_syntax\nsandbox\\bad_syntax.py:18:0: C0304: Final newline missing (missing-final-newline)\n\n------------------------------------------------------------------\nYour code has been rated at 5.00/10 (previous run: 5.00/10, +0.00)\n\n\n```\n\n**Previous Test Results (FAILURES TO FIX):**\n```\n✅ All tests passed!\n\n============================= test session starts =============================\nplatform win32 -- Python 3.11.9, pytest-7.4.4, pluggy-1.6.0 -- C:\\Users\\B-TECH\\Downloads\\Refactoring-Swarm-Equipe-Guembo\\.venv\\Scripts\\python.exe\ncachedir: .pytest_cache\nrootdir: C:\\Users\\B-TECH\\Downloads\\Refactoring-Swarm-Equipe-Guembo\nplugins: anyio-4.12.0\ncollecting ... collected 9 items\n\nsandbox/test_bad_syntax.py::test_calculate_sum_positive_integers PASSED  [ 11%]\nsandbox/test_bad_syntax.py::test_calculate_sum_negative_integers PASSED  [ 22%]\nsandbox/test_bad_syntax.py::test_calculate_sum_mixed_integers PASSED     [ 33%]\nsandbox/test_bad_syntax.py::test_calculate_sum_with_zero PASSED          [ 44%]\nsandbox/test_bad_syntax.py::test_calculate_sum_large_integers PASSED     [ 55%]\nsandbox/test_bad_syntax.py::test_calculate_sum_with_floats PASSED        [ 66%]\nsandbox/test_bad_syntax.py::test_calculate_sum_with_strings PASSED       [ 77%]\nsandbox/test_bad_syntax.py::test_calculate_sum_with_lists PASSED         [ 88%]\nsandbox/test_bad_syntax.py::test_calculate_sum_type_error_unsupported_types PASSED [100%]\n\n============================== 9 passed in 0.03s ==============================\n\n```\n\n⚠️ **IMPORTANT:** This is attempt #7. The previous fix attempt failed the tests above.\nCarefully analyze the error messages and fix the root cause. Do not repeat the same mistakes.\n\n\nProvide the COMPLETE corrected code now.",
            "output_response": "```python\n\"\"\"\nThis module provides a simple utility function to calculate the sum of two integers.\nIt serves as an example for demonstrating Python best practices including\ntype hinting, docstrings, and adherence to PEP 8.\n\"\"\"\n\n\ndef calculate_sum(a: int, b: int) -> int:\n    \"\"\"Calculates the sum of two integers.\n\n    Args:\n        a: The first integer.\n        b: The second integer.\n\n    Returns:\n        The sum of a and b.\n    \"\"\"\n    return a + b\n```",
            "file_fixed": "bad_syntax.py",
            "iteration": 7,
            "code_length": 442
        },
        "status": "SUCCESS"
    },
    {
        "id": "09c29cd1-1502-442b-b4d4-7932836270bb",
        "timestamp": "2026-02-28T23:31:58.701110",
        "agent": "Judge",
        "model": "gemini-2.5-flash-lite",
        "action": "DEBUG",
        "details": {
            "input_prompt": "Validating bad_syntax.py at iteration 7",
            "output_response": "Tests passed: True, Pylint score: 5.0",
            "test_results": "✅ All tests passed!\n\n============================= test session starts =============================\nplatform win32 -- Python 3.11.9, pytest-7.4.4, pluggy-1.6.0 -- C:\\Users\\B-TECH\\Downloads\\Refactoring-Swarm-Equipe-Guembo\\.venv\\Scripts\\python.exe\ncachedir: .pytest_cache\nrootdir: C:\\Users\\B-TECH\\Downloads\\Refactoring-Swarm-Equipe-Guembo\nplugins: anyio-4.12.0\ncollecting ... collected 9 items\n\nsandbox/test_bad_syntax.py::test_calculate_sum_positive_integers PASSED  [ 11%]\nsandbox/test_bad_syntax.py::test_calculate_sum_negative_integers PASSED  [ 22%]\nsandbox/test_bad_syntax.py::test_calculate_sum_mixed_integers PASSED     [ 33%]\nsandbox/test_bad_syntax.py::test_calculate_sum_with_zero PASSED          [ 44%]\nsandbox/test_bad_syntax.py::test_calculate_sum_large_integers PASSED     [ 55%]\nsandbox/test_bad_syntax.py::test_calculate_sum_with_floats PASSED        [ 66%]\nsandbox/test_bad_syntax.py::test_calculate_sum_with_strings PASSED       [ 77%]\nsandbox/test_bad_syntax.py::test_calculate_sum_with_lists PASSED         [ 88%]\nsandbox/test_bad_syntax.py::test_calculate_sum_type_error_unsupported_types PASSED [100%]\n\n============================== 9 passed in 0.04s ==============================\n",
            "pylint_report": "************* Module bad_syntax\nsandbox\\bad_syntax.py:18:0: C0304: Final newline missing (missing-final-newline)\n\n------------------------------------------------------------------\nYour code has been rated at 5.00/10 (previous run: 5.00/10, +0.00)\n\n",
            "file_validated": "bad_syntax.py",
            "iteration": 7,
            "tests_passed": true,
            "pylint_score": 5.0
        },
        "status": "FAILED"
    },
    {
        "id": "d757e61a-6544-42b0-a46d-e86c8676b0b6",
        "timestamp": "2026-02-28T23:32:05.555176",
        "agent": "Fixer",
        "model": "gemini-2.5-flash-lite",
        "action": "FIX",
        "details": {
            "input_prompt": "**File:** bad_syntax.py\n**Iteration:** 8/10\n\n**Original Code:**\n```python\n\"\"\"\nThis module provides a simple utility function to calculate the sum of two integers.\nIt serves as an example for demonstrating Python best practices including\ntype hinting, docstrings, and adherence to PEP 8.\n\"\"\"\n\n\ndef calculate_sum(a: int, b: int) -> int:\n    \"\"\"Calculates the sum of two integers.\n\n    Args:\n        a: The first integer.\n        b: The second integer.\n\n    Returns:\n        The sum of a and b.\n    \"\"\"\n    return a + b\n```\n\n**Refactoring Plan from Auditor:**\n## Critical Issues\n-   **Syntax Error (Line 1):** The function definition `def calculate_sum(a, b)` is missing a colon `:` at the end. This is a critical syntax error that prevents the Python interpreter from parsing the file, leading to the `E0001` Pylint error and making the code unexecutable.\n\n## Style & Convention Violations\n-   **Comment Style (Line 1):** The comment ` # Manque le deux-points` has a leading space before the hash `#` and is in French. While the content is descriptive, standard practice is ` #` (one space after hash) and comments should ideally be in the primary language of the codebase for consistency.\n\n## Type Hints Required\n-   **Function Parameters (Line 1):** The parameters `a` and `b` in `calculate_sum` lack type annotations.\n-   **Function Return Type (Line 1):** The `calculate_sum` function is missing a return type annotation.\n\n## Best Practice Improvements\n-   **Docstring (Line 1):** The `calculate_sum` function lacks a docstring. A docstring is essential for explaining the function's purpose, its arguments, and what it returns, significantly improving code readability and maintainability.\n\n## Refactoring Recommendations\n\n1.  **Fix Syntax Error (Line 1):** Add a colon `:` at the end of the function definition line.\n    *   **Original:** `def calculate_sum(a, b)  # Manque le deux-points`\n    *   **Refactored:** `def calculate_sum(a, b):`\n\n2.  **Add Type Hints (Line 1):** Annotate the parameters `a` and `b` and the return type. Assuming `a` and `b` are intended to be integers (or `float` if decimal numbers are expected).\n    *   **Refactored:** `def calculate_sum(a: int, b: int) -> int:`\n\n3.  **Add Docstring (Line 2):** Provide a clear docstring explaining the function's purpose, arguments, and return value.\n    *   **Refactored (after fixing syntax and adding type hints):**\n        ```python\n        def calculate_sum(a: int, b: int) -> int:\n            \"\"\"Calculates the sum of two integers.\n\n            Args:\n                a: The first integer.\n                b: The second integer.\n\n            Returns:\n                The sum of a and b.\n            \"\"\"\n            return a + b\n        ```\n\n4.  **Remove or Translate Comment (Line 1):** The original comment ` # Manque le deux-points` becomes redundant after the syntax fix. It should be removed or translated and integrated into the docstring if the information is still relevant.\n\n## Overall Assessment\nThe provided code is fundamentally broken due to a critical syntax error (missing colon in function definition), which prevents it from being executed. This is the highest priority fix. Once the syntax is corrected, the code also lacks essential best practices such as type hints and a docstring, which are crucial for code clarity, maintainability, and static analysis. The recommended fixes are straightforward and will bring the code up to a basic professional standard.\n\n**Pylint Report:**\n```\n************* Module bad_syntax\nsandbox\\bad_syntax.py:18:0: C0304: Final newline missing (missing-final-newline)\n\n------------------------------------------------------------------\nYour code has been rated at 5.00/10 (previous run: 5.00/10, +0.00)\n\n\n```\n\n**Previous Test Results (FAILURES TO FIX):**\n```\n✅ All tests passed!\n\n============================= test session starts =============================\nplatform win32 -- Python 3.11.9, pytest-7.4.4, pluggy-1.6.0 -- C:\\Users\\B-TECH\\Downloads\\Refactoring-Swarm-Equipe-Guembo\\.venv\\Scripts\\python.exe\ncachedir: .pytest_cache\nrootdir: C:\\Users\\B-TECH\\Downloads\\Refactoring-Swarm-Equipe-Guembo\nplugins: anyio-4.12.0\ncollecting ... collected 9 items\n\nsandbox/test_bad_syntax.py::test_calculate_sum_positive_integers PASSED  [ 11%]\nsandbox/test_bad_syntax.py::test_calculate_sum_negative_integers PASSED  [ 22%]\nsandbox/test_bad_syntax.py::test_calculate_sum_mixed_integers PASSED     [ 33%]\nsandbox/test_bad_syntax.py::test_calculate_sum_with_zero PASSED          [ 44%]\nsandbox/test_bad_syntax.py::test_calculate_sum_large_integers PASSED     [ 55%]\nsandbox/test_bad_syntax.py::test_calculate_sum_with_floats PASSED        [ 66%]\nsandbox/test_bad_syntax.py::test_calculate_sum_with_strings PASSED       [ 77%]\nsandbox/test_bad_syntax.py::test_calculate_sum_with_lists PASSED         [ 88%]\nsandbox/test_bad_syntax.py::test_calculate_sum_type_error_unsupported_types PASSED [100%]\n\n============================== 9 passed in 0.04s ==============================\n\n```\n\n⚠️ **IMPORTANT:** This is attempt #8. The previous fix attempt failed the tests above.\nCarefully analyze the error messages and fix the root cause. Do not repeat the same mistakes.\n\n\nProvide the COMPLETE corrected code now.",
            "output_response": "```python\n\"\"\"\nThis module provides a simple utility function to calculate the sum of two integers.\nIt serves as an example for demonstrating Python best practices including\ntype hinting, docstrings, and adherence to PEP 8.\n\"\"\"\n\n\ndef calculate_sum(a: int, b: int) -> int:\n    \"\"\"Calculates the sum of two integers.\n\n    Args:\n        a: The first integer.\n        b: The second integer.\n\n    Returns:\n        The sum of a and b.\n    \"\"\"\n    return a + b\n```",
            "file_fixed": "bad_syntax.py",
            "iteration": 8,
            "code_length": 442
        },
        "status": "SUCCESS"
    },
    {
        "id": "c562132b-aa7f-4ab1-9e31-2cba5ffbe6a9",
        "timestamp": "2026-02-28T23:32:07.225091",
        "agent": "Judge",
        "model": "gemini-2.5-flash-lite",
        "action": "DEBUG",
        "details": {
            "input_prompt": "Validating bad_syntax.py at iteration 8",
            "output_response": "Tests passed: True, Pylint score: 5.0",
            "test_results": "✅ All tests passed!\n\n============================= test session starts =============================\nplatform win32 -- Python 3.11.9, pytest-7.4.4, pluggy-1.6.0 -- C:\\Users\\B-TECH\\Downloads\\Refactoring-Swarm-Equipe-Guembo\\.venv\\Scripts\\python.exe\ncachedir: .pytest_cache\nrootdir: C:\\Users\\B-TECH\\Downloads\\Refactoring-Swarm-Equipe-Guembo\nplugins: anyio-4.12.0\ncollecting ... collected 9 items\n\nsandbox/test_bad_syntax.py::test_calculate_sum_positive_integers PASSED  [ 11%]\nsandbox/test_bad_syntax.py::test_calculate_sum_negative_integers PASSED  [ 22%]\nsandbox/test_bad_syntax.py::test_calculate_sum_mixed_integers PASSED     [ 33%]\nsandbox/test_bad_syntax.py::test_calculate_sum_with_zero PASSED          [ 44%]\nsandbox/test_bad_syntax.py::test_calculate_sum_large_integers PASSED     [ 55%]\nsandbox/test_bad_syntax.py::test_calculate_sum_with_floats PASSED        [ 66%]\nsandbox/test_bad_syntax.py::test_calculate_sum_with_strings PASSED       [ 77%]\nsandbox/test_bad_syntax.py::test_calculate_sum_with_lists PASSED         [ 88%]\nsandbox/test_bad_syntax.py::test_calculate_sum_type_error_unsupported_types PASSED [100%]\n\n============================== 9 passed in 0.03s ==============================\n",
            "pylint_report": "************* Module bad_syntax\nsandbox\\bad_syntax.py:18:0: C0304: Final newline missing (missing-final-newline)\n\n------------------------------------------------------------------\nYour code has been rated at 5.00/10 (previous run: 5.00/10, +0.00)\n\n",
            "file_validated": "bad_syntax.py",
            "iteration": 8,
            "tests_passed": true,
            "pylint_score": 5.0
        },
        "status": "FAILED"
    },
    {
        "id": "60579b5a-9bf5-403a-803d-10be0cf71ffc",
        "timestamp": "2026-02-28T23:32:12.673671",
        "agent": "Fixer",
        "model": "gemini-2.5-flash-lite",
        "action": "FIX",
        "details": {
            "input_prompt": "**File:** bad_syntax.py\n**Iteration:** 9/10\n\n**Original Code:**\n```python\n\"\"\"\nThis module provides a simple utility function to calculate the sum of two integers.\nIt serves as an example for demonstrating Python best practices including\ntype hinting, docstrings, and adherence to PEP 8.\n\"\"\"\n\n\ndef calculate_sum(a: int, b: int) -> int:\n    \"\"\"Calculates the sum of two integers.\n\n    Args:\n        a: The first integer.\n        b: The second integer.\n\n    Returns:\n        The sum of a and b.\n    \"\"\"\n    return a + b\n```\n\n**Refactoring Plan from Auditor:**\n## Critical Issues\n-   **Syntax Error (Line 1):** The function definition `def calculate_sum(a, b)` is missing a colon `:` at the end. This is a critical syntax error that prevents the Python interpreter from parsing the file, leading to the `E0001` Pylint error and making the code unexecutable.\n\n## Style & Convention Violations\n-   **Comment Style (Line 1):** The comment ` # Manque le deux-points` has a leading space before the hash `#` and is in French. While the content is descriptive, standard practice is ` #` (one space after hash) and comments should ideally be in the primary language of the codebase for consistency.\n\n## Type Hints Required\n-   **Function Parameters (Line 1):** The parameters `a` and `b` in `calculate_sum` lack type annotations.\n-   **Function Return Type (Line 1):** The `calculate_sum` function is missing a return type annotation.\n\n## Best Practice Improvements\n-   **Docstring (Line 1):** The `calculate_sum` function lacks a docstring. A docstring is essential for explaining the function's purpose, its arguments, and what it returns, significantly improving code readability and maintainability.\n\n## Refactoring Recommendations\n\n1.  **Fix Syntax Error (Line 1):** Add a colon `:` at the end of the function definition line.\n    *   **Original:** `def calculate_sum(a, b)  # Manque le deux-points`\n    *   **Refactored:** `def calculate_sum(a, b):`\n\n2.  **Add Type Hints (Line 1):** Annotate the parameters `a` and `b` and the return type. Assuming `a` and `b` are intended to be integers (or `float` if decimal numbers are expected).\n    *   **Refactored:** `def calculate_sum(a: int, b: int) -> int:`\n\n3.  **Add Docstring (Line 2):** Provide a clear docstring explaining the function's purpose, arguments, and return value.\n    *   **Refactored (after fixing syntax and adding type hints):**\n        ```python\n        def calculate_sum(a: int, b: int) -> int:\n            \"\"\"Calculates the sum of two integers.\n\n            Args:\n                a: The first integer.\n                b: The second integer.\n\n            Returns:\n                The sum of a and b.\n            \"\"\"\n            return a + b\n        ```\n\n4.  **Remove or Translate Comment (Line 1):** The original comment ` # Manque le deux-points` becomes redundant after the syntax fix. It should be removed or translated and integrated into the docstring if the information is still relevant.\n\n## Overall Assessment\nThe provided code is fundamentally broken due to a critical syntax error (missing colon in function definition), which prevents it from being executed. This is the highest priority fix. Once the syntax is corrected, the code also lacks essential best practices such as type hints and a docstring, which are crucial for code clarity, maintainability, and static analysis. The recommended fixes are straightforward and will bring the code up to a basic professional standard.\n\n**Pylint Report:**\n```\n************* Module bad_syntax\nsandbox\\bad_syntax.py:18:0: C0304: Final newline missing (missing-final-newline)\n\n------------------------------------------------------------------\nYour code has been rated at 5.00/10 (previous run: 5.00/10, +0.00)\n\n\n```\n\n**Previous Test Results (FAILURES TO FIX):**\n```\n✅ All tests passed!\n\n============================= test session starts =============================\nplatform win32 -- Python 3.11.9, pytest-7.4.4, pluggy-1.6.0 -- C:\\Users\\B-TECH\\Downloads\\Refactoring-Swarm-Equipe-Guembo\\.venv\\Scripts\\python.exe\ncachedir: .pytest_cache\nrootdir: C:\\Users\\B-TECH\\Downloads\\Refactoring-Swarm-Equipe-Guembo\nplugins: anyio-4.12.0\ncollecting ... collected 9 items\n\nsandbox/test_bad_syntax.py::test_calculate_sum_positive_integers PASSED  [ 11%]\nsandbox/test_bad_syntax.py::test_calculate_sum_negative_integers PASSED  [ 22%]\nsandbox/test_bad_syntax.py::test_calculate_sum_mixed_integers PASSED     [ 33%]\nsandbox/test_bad_syntax.py::test_calculate_sum_with_zero PASSED          [ 44%]\nsandbox/test_bad_syntax.py::test_calculate_sum_large_integers PASSED     [ 55%]\nsandbox/test_bad_syntax.py::test_calculate_sum_with_floats PASSED        [ 66%]\nsandbox/test_bad_syntax.py::test_calculate_sum_with_strings PASSED       [ 77%]\nsandbox/test_bad_syntax.py::test_calculate_sum_with_lists PASSED         [ 88%]\nsandbox/test_bad_syntax.py::test_calculate_sum_type_error_unsupported_types PASSED [100%]\n\n============================== 9 passed in 0.03s ==============================\n\n```\n\n⚠️ **IMPORTANT:** This is attempt #9. The previous fix attempt failed the tests above.\nCarefully analyze the error messages and fix the root cause. Do not repeat the same mistakes.\n\n\nProvide the COMPLETE corrected code now.",
            "output_response": "```python\n\"\"\"\nThis module provides a simple utility function to calculate the sum of two integers.\nIt serves as an example for demonstrating Python best practices including\ntype hinting, docstrings, and adherence to PEP 8.\n\"\"\"\n\n\ndef calculate_sum(a: int, b: int) -> int:\n    \"\"\"Calculates the sum of two integers.\n\n    Args:\n        a: The first integer.\n        b: The second integer.\n\n    Returns:\n        The sum of a and b.\n    \"\"\"\n    return a + b\n```",
            "file_fixed": "bad_syntax.py",
            "iteration": 9,
            "code_length": 442
        },
        "status": "SUCCESS"
    },
    {
        "id": "740d1d17-50cb-451d-a1b5-b706066437c5",
        "timestamp": "2026-02-28T23:32:14.561195",
        "agent": "Judge",
        "model": "gemini-2.5-flash-lite",
        "action": "DEBUG",
        "details": {
            "input_prompt": "Validating bad_syntax.py at iteration 9",
            "output_response": "Tests passed: True, Pylint score: 5.0",
            "test_results": "✅ All tests passed!\n\n============================= test session starts =============================\nplatform win32 -- Python 3.11.9, pytest-7.4.4, pluggy-1.6.0 -- C:\\Users\\B-TECH\\Downloads\\Refactoring-Swarm-Equipe-Guembo\\.venv\\Scripts\\python.exe\ncachedir: .pytest_cache\nrootdir: C:\\Users\\B-TECH\\Downloads\\Refactoring-Swarm-Equipe-Guembo\nplugins: anyio-4.12.0\ncollecting ... collected 9 items\n\nsandbox/test_bad_syntax.py::test_calculate_sum_positive_integers PASSED  [ 11%]\nsandbox/test_bad_syntax.py::test_calculate_sum_negative_integers PASSED  [ 22%]\nsandbox/test_bad_syntax.py::test_calculate_sum_mixed_integers PASSED     [ 33%]\nsandbox/test_bad_syntax.py::test_calculate_sum_with_zero PASSED          [ 44%]\nsandbox/test_bad_syntax.py::test_calculate_sum_large_integers PASSED     [ 55%]\nsandbox/test_bad_syntax.py::test_calculate_sum_with_floats PASSED        [ 66%]\nsandbox/test_bad_syntax.py::test_calculate_sum_with_strings PASSED       [ 77%]\nsandbox/test_bad_syntax.py::test_calculate_sum_with_lists PASSED         [ 88%]\nsandbox/test_bad_syntax.py::test_calculate_sum_type_error_unsupported_types PASSED [100%]\n\n============================== 9 passed in 0.03s ==============================\n",
            "pylint_report": "************* Module bad_syntax\nsandbox\\bad_syntax.py:18:0: C0304: Final newline missing (missing-final-newline)\n\n------------------------------------------------------------------\nYour code has been rated at 5.00/10 (previous run: 5.00/10, +0.00)\n\n",
            "file_validated": "bad_syntax.py",
            "iteration": 9,
            "tests_passed": true,
            "pylint_score": 5.0
        },
        "status": "FAILED"
    },
    {
        "id": "f162d81e-4a3d-4411-b482-7faa0a713eb1",
        "timestamp": "2026-02-28T23:32:22.592578",
        "agent": "Fixer",
        "model": "gemini-2.5-flash-lite",
        "action": "FIX",
        "details": {
            "input_prompt": "**File:** bad_syntax.py\n**Iteration:** 10/10\n\n**Original Code:**\n```python\n\"\"\"\nThis module provides a simple utility function to calculate the sum of two integers.\nIt serves as an example for demonstrating Python best practices including\ntype hinting, docstrings, and adherence to PEP 8.\n\"\"\"\n\n\ndef calculate_sum(a: int, b: int) -> int:\n    \"\"\"Calculates the sum of two integers.\n\n    Args:\n        a: The first integer.\n        b: The second integer.\n\n    Returns:\n        The sum of a and b.\n    \"\"\"\n    return a + b\n```\n\n**Refactoring Plan from Auditor:**\n## Critical Issues\n-   **Syntax Error (Line 1):** The function definition `def calculate_sum(a, b)` is missing a colon `:` at the end. This is a critical syntax error that prevents the Python interpreter from parsing the file, leading to the `E0001` Pylint error and making the code unexecutable.\n\n## Style & Convention Violations\n-   **Comment Style (Line 1):** The comment ` # Manque le deux-points` has a leading space before the hash `#` and is in French. While the content is descriptive, standard practice is ` #` (one space after hash) and comments should ideally be in the primary language of the codebase for consistency.\n\n## Type Hints Required\n-   **Function Parameters (Line 1):** The parameters `a` and `b` in `calculate_sum` lack type annotations.\n-   **Function Return Type (Line 1):** The `calculate_sum` function is missing a return type annotation.\n\n## Best Practice Improvements\n-   **Docstring (Line 1):** The `calculate_sum` function lacks a docstring. A docstring is essential for explaining the function's purpose, its arguments, and what it returns, significantly improving code readability and maintainability.\n\n## Refactoring Recommendations\n\n1.  **Fix Syntax Error (Line 1):** Add a colon `:` at the end of the function definition line.\n    *   **Original:** `def calculate_sum(a, b)  # Manque le deux-points`\n    *   **Refactored:** `def calculate_sum(a, b):`\n\n2.  **Add Type Hints (Line 1):** Annotate the parameters `a` and `b` and the return type. Assuming `a` and `b` are intended to be integers (or `float` if decimal numbers are expected).\n    *   **Refactored:** `def calculate_sum(a: int, b: int) -> int:`\n\n3.  **Add Docstring (Line 2):** Provide a clear docstring explaining the function's purpose, arguments, and return value.\n    *   **Refactored (after fixing syntax and adding type hints):**\n        ```python\n        def calculate_sum(a: int, b: int) -> int:\n            \"\"\"Calculates the sum of two integers.\n\n            Args:\n                a: The first integer.\n                b: The second integer.\n\n            Returns:\n                The sum of a and b.\n            \"\"\"\n            return a + b\n        ```\n\n4.  **Remove or Translate Comment (Line 1):** The original comment ` # Manque le deux-points` becomes redundant after the syntax fix. It should be removed or translated and integrated into the docstring if the information is still relevant.\n\n## Overall Assessment\nThe provided code is fundamentally broken due to a critical syntax error (missing colon in function definition), which prevents it from being executed. This is the highest priority fix. Once the syntax is corrected, the code also lacks essential best practices such as type hints and a docstring, which are crucial for code clarity, maintainability, and static analysis. The recommended fixes are straightforward and will bring the code up to a basic professional standard.\n\n**Pylint Report:**\n```\n************* Module bad_syntax\nsandbox\\bad_syntax.py:18:0: C0304: Final newline missing (missing-final-newline)\n\n------------------------------------------------------------------\nYour code has been rated at 5.00/10 (previous run: 5.00/10, +0.00)\n\n\n```\n\n**Previous Test Results (FAILURES TO FIX):**\n```\n✅ All tests passed!\n\n============================= test session starts =============================\nplatform win32 -- Python 3.11.9, pytest-7.4.4, pluggy-1.6.0 -- C:\\Users\\B-TECH\\Downloads\\Refactoring-Swarm-Equipe-Guembo\\.venv\\Scripts\\python.exe\ncachedir: .pytest_cache\nrootdir: C:\\Users\\B-TECH\\Downloads\\Refactoring-Swarm-Equipe-Guembo\nplugins: anyio-4.12.0\ncollecting ... collected 9 items\n\nsandbox/test_bad_syntax.py::test_calculate_sum_positive_integers PASSED  [ 11%]\nsandbox/test_bad_syntax.py::test_calculate_sum_negative_integers PASSED  [ 22%]\nsandbox/test_bad_syntax.py::test_calculate_sum_mixed_integers PASSED     [ 33%]\nsandbox/test_bad_syntax.py::test_calculate_sum_with_zero PASSED          [ 44%]\nsandbox/test_bad_syntax.py::test_calculate_sum_large_integers PASSED     [ 55%]\nsandbox/test_bad_syntax.py::test_calculate_sum_with_floats PASSED        [ 66%]\nsandbox/test_bad_syntax.py::test_calculate_sum_with_strings PASSED       [ 77%]\nsandbox/test_bad_syntax.py::test_calculate_sum_with_lists PASSED         [ 88%]\nsandbox/test_bad_syntax.py::test_calculate_sum_type_error_unsupported_types PASSED [100%]\n\n============================== 9 passed in 0.03s ==============================\n\n```\n\n⚠️ **IMPORTANT:** This is attempt #10. The previous fix attempt failed the tests above.\nCarefully analyze the error messages and fix the root cause. Do not repeat the same mistakes.\n\n\nProvide the COMPLETE corrected code now.",
            "output_response": "```python\n\"\"\"\nThis module provides a simple utility function to calculate the sum of two integers.\nIt serves as an example for demonstrating Python best practices including\ntype hinting, docstrings, and adherence to PEP 8.\n\"\"\"\n\n\ndef calculate_sum(a: int, b: int) -> int:\n    \"\"\"Calculates the sum of two integers.\n\n    Args:\n        a: The first integer.\n        b: The second integer.\n\n    Returns:\n        The sum of a and b.\n    \"\"\"\n    return a + b\n```",
            "file_fixed": "bad_syntax.py",
            "iteration": 10,
            "code_length": 442
        },
        "status": "SUCCESS"
    },
    {
        "id": "8242958b-4f2f-482b-a71f-b87487f703d1",
        "timestamp": "2026-02-28T23:32:24.191409",
        "agent": "Judge",
        "model": "gemini-2.5-flash-lite",
        "action": "DEBUG",
        "details": {
            "input_prompt": "Validating bad_syntax.py at iteration 10",
            "output_response": "Tests passed: True, Pylint score: 5.0",
            "test_results": "✅ All tests passed!\n\n============================= test session starts =============================\nplatform win32 -- Python 3.11.9, pytest-7.4.4, pluggy-1.6.0 -- C:\\Users\\B-TECH\\Downloads\\Refactoring-Swarm-Equipe-Guembo\\.venv\\Scripts\\python.exe\ncachedir: .pytest_cache\nrootdir: C:\\Users\\B-TECH\\Downloads\\Refactoring-Swarm-Equipe-Guembo\nplugins: anyio-4.12.0\ncollecting ... collected 9 items\n\nsandbox/test_bad_syntax.py::test_calculate_sum_positive_integers PASSED  [ 11%]\nsandbox/test_bad_syntax.py::test_calculate_sum_negative_integers PASSED  [ 22%]\nsandbox/test_bad_syntax.py::test_calculate_sum_mixed_integers PASSED     [ 33%]\nsandbox/test_bad_syntax.py::test_calculate_sum_with_zero PASSED          [ 44%]\nsandbox/test_bad_syntax.py::test_calculate_sum_large_integers PASSED     [ 55%]\nsandbox/test_bad_syntax.py::test_calculate_sum_with_floats PASSED        [ 66%]\nsandbox/test_bad_syntax.py::test_calculate_sum_with_strings PASSED       [ 77%]\nsandbox/test_bad_syntax.py::test_calculate_sum_with_lists PASSED         [ 88%]\nsandbox/test_bad_syntax.py::test_calculate_sum_type_error_unsupported_types PASSED [100%]\n\n============================== 9 passed in 0.03s ==============================\n",
            "pylint_report": "************* Module bad_syntax\nsandbox\\bad_syntax.py:18:0: C0304: Final newline missing (missing-final-newline)\n\n------------------------------------------------------------------\nYour code has been rated at 5.00/10 (previous run: 5.00/10, +0.00)\n\n",
            "file_validated": "bad_syntax.py",
            "iteration": 10,
            "tests_passed": true,
            "pylint_score": 5.0
        },
        "status": "FAILED"
    },
    {
        "id": "8a76b939-ebc1-4385-b7d1-058a7c4c3bab",
        "timestamp": "2026-02-28T23:32:51.921869",
        "agent": "Auditor",
        "model": "gemini-2.5-flash-lite",
        "action": "CODE_ANALYSIS",
        "details": {
            "input_prompt": "**File:** logic_bug.py\n\n**Pylint Report:**\n```\n************* Module logic_bug\nsandbox\\logic_bug.py:4:0: C0304: Final newline missing (missing-final-newline)\nsandbox\\logic_bug.py:1:0: C0114: Missing module docstring (missing-module-docstring)\nsandbox\\logic_bug.py:1:0: C0116: Missing function or method docstring (missing-function-docstring)\n\n-----------------------------------\nYour code has been rated at 2.50/10\n\n\n```\n\n**Code to Analyze:**\n```python\ndef count_down(n):\n    while n > 0:\n        print(n)\n        n += 1 # Bug : n augmente au lieu de diminuer\n```\n\nPlease provide your structured analysis following the output format specified in your system prompt.",
            "output_response": "```\n## Critical Issues\n-   **Infinite Loop / Incorrect Logic (Line 4):** The `count_down` function contains a critical logical error. Inside the `while n > 0:` loop, `n` is incremented (`n += 1`) instead of decremented. This will result in an infinite loop if `n` starts as a positive number, consuming CPU resources indefinitely and preventing the program from terminating gracefully. The function name `count_down` clearly implies `n` should decrease.\n\n## Style & Convention Violations\n-   **Missing Final Newline (Pylint C0304, End of file):** The file is missing a newline character at the end, which is a common style convention (PEP 8) and can cause issues with some version control systems or build tools.\n-   **Missing Module Docstring (Pylint C0114, Line 1):** The `logic_bug.py` module lacks a docstring, which should briefly describe the purpose and contents of the file.\n-   **Missing Function Docstring (Pylint C0116, Line 1):** The `count_down` function is missing a docstring, which is essential for explaining its purpose, arguments, and any side effects (like printing).\n\n## Type Hints Required\n-   **Function Parameter `n` (Line 1):** The `n` parameter in the `count_down` function should be type-hinted as an `int` to indicate its expected type.\n-   **Function Return Type (Line 1):** Since the `count_down` function performs an action (printing) but does not explicitly return a value, its return type should be hinted as `None`.\n\n## Best Practice Improvements\n-   **Documentation:** Add comprehensive docstrings for both the module and the `count_down` function. This significantly improves code readability, maintainability, and makes it easier for other developers (or your future self) to understand and use the code.\n-   **Defensive Programming (Input Validation):** While type hints provide static analysis benefits, for functions that might receive external or untrusted input, consider adding runtime checks. For `count_down`, ensuring `n` is a positive integer before starting the loop could prevent unexpected behavior or clearer error messages (e.g., raising a `ValueError` if `n` is not positive).\n\n## Refactoring Recommendations\n\n1.  **Fix Functional Bug (Line 4):**\n    *   **Issue:** `n += 1` causes an infinite loop.\n    *   **Fix:** Change the increment to a decrement.\n    *   **Original:** `n += 1`\n    *   **Refactored:** `n -= 1`\n\n2.  **Add Final Newline (End of file):**\n    *   **Issue:** Missing newline at the end of the file.\n    *   **Fix:** Add a blank line at the very end of the `logic_bug.py` file.\n\n3.  **Add Module Docstring (Line 1):**\n    *   **Issue:** Missing module docstring.\n    *   **Fix:** Add a triple-quoted string at the top of the file.\n    *   **Refactored:**\n        ```python\n        \"\"\"A simple module demonstrating a countdown function.\"\"\"\n\n        def count_down(n):\n            # ...\n        ```\n\n4.  **Add Function Docstring and Type Hints (Line 1):**\n    *   **Issue:** Missing function docstring and type hints.\n    *   **Fix:** Add a docstring explaining the function's purpose, arguments, and behavior, and include type annotations.\n    *   **Original:** `def count_down(n):`\n    *   **Refactored:**\n        ```python\n        def count_down(n: int) -> None:\n            \"\"\"Counts down from a given positive integer to 1, printing each number.\n\n            The countdown stops when the number reaches 0. If n is initially 0 or negative,\n            the function will not print anything.\n\n            Args:\n                n: The starting integer for the countdown.\n            \"\"\"\n            while n > 0:\n                print(n)\n                n -= 1\n        ```\n\n5.  **Consider Input Validation (Optional, but recommended for robustness):**\n    *   **Issue:** Function assumes `n` is an appropriate integer.\n    *   **Fix:** Add an explicit check for `n` being a positive integer if strict input validation is desired.\n    *   **Refactored (Example):**\n        ```python\n        def count_down(n: int) -> None:\n            \"\"\"Counts down from a given positive integer to 1, printing each number.\n\n            Args:\n                n: The starting integer for the countdown.\n\n            Raises:\n                ValueError: If n is not a positive integer.\n            \"\"\"\n            if not isinstance(n, int):\n                raise TypeError(\"Input 'n' must be an integer.\")\n            if n <= 0:\n                print(\"Starting number must be positive for a countdown.\")\n                return # Or raise ValueError(\"Starting number 'n' must be positive.\")\n\n            while n > 0:\n                print(n)\n                n -= 1\n        ```\n\n## Overall Assessment\nThe provided code has a critical functional bug that causes an infinite loop, making it completely non-functional for its intended purpose. This is the highest priority fix. Beyond this, the code exhibits poor adherence to Python best practices, particularly regarding documentation (missing module and function docstrings) and type safety (missing type hints). The Pylint score of 2.50/10 accurately reflects these significant shortcomings.\n\nAddressing the infinite loop is paramount. Subsequently, adding docstrings and type hints will dramatically improve the code's readability, maintainability, and robustness, transforming it from a broken snippet into a clear and functional piece of code. The overall structure is simple, so these fixes are straightforward and will yield a high return on investment in terms of code quality.",
            "file_analyzed": "logic_bug.py",
            "pylint_score": 2.5
        },
        "status": "SUCCESS"
    },
    {
        "id": "d271a031-eb12-43bf-9a57-8ad5faed2686",
        "timestamp": "2026-02-28T23:32:56.827611",
        "agent": "Fixer",
        "model": "gemini-2.5-flash-lite",
        "action": "FIX",
        "details": {
            "input_prompt": "**File:** logic_bug.py\n**Iteration:** 1/10\n\n**Original Code:**\n```python\ndef count_down(n):\n    while n > 0:\n        print(n)\n        n += 1 # Bug : n augmente au lieu de diminuer\n```\n\n**Refactoring Plan from Auditor:**\n```\n## Critical Issues\n-   **Infinite Loop / Incorrect Logic (Line 4):** The `count_down` function contains a critical logical error. Inside the `while n > 0:` loop, `n` is incremented (`n += 1`) instead of decremented. This will result in an infinite loop if `n` starts as a positive number, consuming CPU resources indefinitely and preventing the program from terminating gracefully. The function name `count_down` clearly implies `n` should decrease.\n\n## Style & Convention Violations\n-   **Missing Final Newline (Pylint C0304, End of file):** The file is missing a newline character at the end, which is a common style convention (PEP 8) and can cause issues with some version control systems or build tools.\n-   **Missing Module Docstring (Pylint C0114, Line 1):** The `logic_bug.py` module lacks a docstring, which should briefly describe the purpose and contents of the file.\n-   **Missing Function Docstring (Pylint C0116, Line 1):** The `count_down` function is missing a docstring, which is essential for explaining its purpose, arguments, and any side effects (like printing).\n\n## Type Hints Required\n-   **Function Parameter `n` (Line 1):** The `n` parameter in the `count_down` function should be type-hinted as an `int` to indicate its expected type.\n-   **Function Return Type (Line 1):** Since the `count_down` function performs an action (printing) but does not explicitly return a value, its return type should be hinted as `None`.\n\n## Best Practice Improvements\n-   **Documentation:** Add comprehensive docstrings for both the module and the `count_down` function. This significantly improves code readability, maintainability, and makes it easier for other developers (or your future self) to understand and use the code.\n-   **Defensive Programming (Input Validation):** While type hints provide static analysis benefits, for functions that might receive external or untrusted input, consider adding runtime checks. For `count_down`, ensuring `n` is a positive integer before starting the loop could prevent unexpected behavior or clearer error messages (e.g., raising a `ValueError` if `n` is not positive).\n\n## Refactoring Recommendations\n\n1.  **Fix Functional Bug (Line 4):**\n    *   **Issue:** `n += 1` causes an infinite loop.\n    *   **Fix:** Change the increment to a decrement.\n    *   **Original:** `n += 1`\n    *   **Refactored:** `n -= 1`\n\n2.  **Add Final Newline (End of file):**\n    *   **Issue:** Missing newline at the end of the file.\n    *   **Fix:** Add a blank line at the very end of the `logic_bug.py` file.\n\n3.  **Add Module Docstring (Line 1):**\n    *   **Issue:** Missing module docstring.\n    *   **Fix:** Add a triple-quoted string at the top of the file.\n    *   **Refactored:**\n        ```python\n        \"\"\"A simple module demonstrating a countdown function.\"\"\"\n\n        def count_down(n):\n            # ...\n        ```\n\n4.  **Add Function Docstring and Type Hints (Line 1):**\n    *   **Issue:** Missing function docstring and type hints.\n    *   **Fix:** Add a docstring explaining the function's purpose, arguments, and behavior, and include type annotations.\n    *   **Original:** `def count_down(n):`\n    *   **Refactored:**\n        ```python\n        def count_down(n: int) -> None:\n            \"\"\"Counts down from a given positive integer to 1, printing each number.\n\n            The countdown stops when the number reaches 0. If n is initially 0 or negative,\n            the function will not print anything.\n\n            Args:\n                n: The starting integer for the countdown.\n            \"\"\"\n            while n > 0:\n                print(n)\n                n -= 1\n        ```\n\n5.  **Consider Input Validation (Optional, but recommended for robustness):**\n    *   **Issue:** Function assumes `n` is an appropriate integer.\n    *   **Fix:** Add an explicit check for `n` being a positive integer if strict input validation is desired.\n    *   **Refactored (Example):**\n        ```python\n        def count_down(n: int) -> None:\n            \"\"\"Counts down from a given positive integer to 1, printing each number.\n\n            Args:\n                n: The starting integer for the countdown.\n\n            Raises:\n                ValueError: If n is not a positive integer.\n            \"\"\"\n            if not isinstance(n, int):\n                raise TypeError(\"Input 'n' must be an integer.\")\n            if n <= 0:\n                print(\"Starting number must be positive for a countdown.\")\n                return # Or raise ValueError(\"Starting number 'n' must be positive.\")\n\n            while n > 0:\n                print(n)\n                n -= 1\n        ```\n\n## Overall Assessment\nThe provided code has a critical functional bug that causes an infinite loop, making it completely non-functional for its intended purpose. This is the highest priority fix. Beyond this, the code exhibits poor adherence to Python best practices, particularly regarding documentation (missing module and function docstrings) and type safety (missing type hints). The Pylint score of 2.50/10 accurately reflects these significant shortcomings.\n\nAddressing the infinite loop is paramount. Subsequently, adding docstrings and type hints will dramatically improve the code's readability, maintainability, and robustness, transforming it from a broken snippet into a clear and functional piece of code. The overall structure is simple, so these fixes are straightforward and will yield a high return on investment in terms of code quality.\n\n**Pylint Report:**\n```\n************* Module logic_bug\nsandbox\\logic_bug.py:4:0: C0304: Final newline missing (missing-final-newline)\nsandbox\\logic_bug.py:1:0: C0114: Missing module docstring (missing-module-docstring)\nsandbox\\logic_bug.py:1:0: C0116: Missing function or method docstring (missing-function-docstring)\n\n-----------------------------------\nYour code has been rated at 2.50/10\n\n\n```\n\n\nProvide the COMPLETE corrected code now.",
            "output_response": "```python\n\"\"\"A simple module demonstrating a countdown function.\n\nThis module provides a function to count down from a given positive integer,\nprinting each number until it reaches zero.\n\"\"\"\n\ndef count_down(n: int) -> None:\n    \"\"\"Counts down from a given positive integer to 1, printing each number.\n\n    The countdown stops when the number reaches 0.\n\n    Args:\n        n: The starting integer for the countdown. Must be a positive integer.\n\n    Raises:\n        TypeError: If 'n' is not an integer.\n        ValueError: If 'n' is not a positive integer.\n    \"\"\"\n    if not isinstance(n, int):\n        raise TypeError(\"Input 'n' must be an integer.\")\n    if n <= 0:\n        raise ValueError(\"Starting number 'n' must be a positive integer for a countdown.\")\n\n    while n > 0:\n        print(n)\n        n -= 1\n```",
            "file_fixed": "logic_bug.py",
            "iteration": 1,
            "code_length": 797
        },
        "status": "SUCCESS"
    },
    {
        "id": "a5ba9640-b56f-45cd-a9f6-43e043b9df59",
        "timestamp": "2026-02-28T23:33:01.776200",
        "agent": "TestGenerator",
        "model": "gemini-2.5-flash",
        "action": "FIX",
        "details": {
            "input_prompt": "**Source File:** logic_bug.py\n\n**Source Code:**\n```python\n\"\"\"A simple module demonstrating a countdown function.\n\nThis module provides a function to count down from a given positive integer,\nprinting each number until it reaches zero.\n\"\"\"\n\ndef count_down(n: int) -> None:\n    \"\"\"Counts down from a given positive integer to 1, printing each number.\n\n    The countdown stops when the number reaches 0.\n\n    Args:\n        n: The starting integer for the countdown. Must be a positive integer.\n\n    Raises:\n        TypeError: If 'n' is not an integer.\n        ValueError: If 'n' is not a positive integer.\n    \"\"\"\n    if not isinstance(n, int):\n        raise TypeError(\"Input 'n' must be an integer.\")\n    if n <= 0:\n        raise ValueError(\"Starting number 'n' must be a positive integer for a countdown.\")\n\n    while n > 0:\n        print(n)\n        n -= 1\n```\n\nPlease provide the COMPLETE, comprehensive `pytest` test file for the code above, following the output format specified in your system prompt.",
            "output_response": "```python\nimport pytest\nfrom logic_bug import count_down\n\ndef test_count_down_positive_number(capsys):\n    \"\"\"\n    Tests the count_down function with a typical positive integer.\n    Verifies that the correct numbers are printed in descending order.\n    \"\"\"\n    count_down(3)\n    captured = capsys.readouterr()\n    expected_output = \"3\\n2\\n1\\n\"\n    assert captured.out == expected_output\n    assert captured.err == \"\"\n\ndef test_count_down_from_one(capsys):\n    \"\"\"\n    Tests the count_down function with the smallest valid positive integer (1).\n    Verifies that only '1' is printed.\n    \"\"\"\n    count_down(1)\n    captured = capsys.readouterr()\n    expected_output = \"1\\n\"\n    assert captured.out == expected_output\n    assert captured.err == \"\"\n\ndef test_count_down_zero_raises_value_error():\n    \"\"\"\n    Tests that count_down raises a ValueError when the input 'n' is 0.\n    \"\"\"\n    with pytest.raises(ValueError) as excinfo:\n        count_down(0)\n    assert \"Starting number 'n' must be a positive integer\" in str(excinfo.value)\n\ndef test_count_down_negative_number_raises_value_error():\n    \"\"\"\n    Tests that count_down raises a ValueError when the input 'n' is a negative integer.\n    \"\"\"\n    with pytest.raises(ValueError) as excinfo:\n        count_down(-5)\n    assert \"Starting number 'n' must be a positive integer\" in str(excinfo.value)\n\ndef test_count_down_float_raises_type_error():\n    \"\"\"\n    Tests that count_down raises a TypeError when the input 'n' is a float.\n    \"\"\"\n    with pytest.raises(TypeError) as excinfo:\n        count_down(3.5)\n    assert \"Input 'n' must be an integer.\" in str(excinfo.value)\n\ndef test_count_down_string_raises_type_error():\n    \"\"\"\n    Tests that count_down raises a TypeError when the input 'n' is a string.\n    \"\"\"\n    with pytest.raises(TypeError) as excinfo:\n        count_down(\"hello\")\n    assert \"Input 'n' must be an integer.\" in str(excinfo.value)\n\ndef test_count_down_none_raises_type_error():\n    \"\"\"\n    Tests that count_down raises a TypeError when the input 'n' is None.\n    \"\"\"\n    with pytest.raises(TypeError) as excinfo:\n        count_down(None)\n    assert \"Input 'n' must be an integer.\" in str(excinfo.value)\n\ndef test_count_down_large_number(capsys):\n    \"\"\"\n    Tests the count_down function with a larger positive integer to ensure scalability.\n    Verifies the start and end of the output.\n    \"\"\"\n    count_down(5)\n    captured = capsys.readouterr()\n    expected_output = \"5\\n4\\n3\\n2\\n1\\n\"\n    assert captured.out == expected_output\n    assert captured.err == \"\"\n```",
            "file_generated": "test_logic_bug.py",
            "iteration": 1,
            "code_length": 2522,
            "note": "Automatically generated missing test file"
        },
        "status": "SUCCESS"
    },
    {
        "id": "acd88b31-8c20-45f7-bdc4-b7e54923677f",
        "timestamp": "2026-02-28T23:33:03.476563",
        "agent": "Judge",
        "model": "gemini-2.5-flash-lite",
        "action": "DEBUG",
        "details": {
            "input_prompt": "Validating logic_bug.py at iteration 1",
            "output_response": "Tests passed: True, Pylint score: 8.75",
            "test_results": "✅ All tests passed!\n\n============================= test session starts =============================\nplatform win32 -- Python 3.11.9, pytest-7.4.4, pluggy-1.6.0 -- C:\\Users\\B-TECH\\Downloads\\Refactoring-Swarm-Equipe-Guembo\\.venv\\Scripts\\python.exe\ncachedir: .pytest_cache\nrootdir: C:\\Users\\B-TECH\\Downloads\\Refactoring-Swarm-Equipe-Guembo\nplugins: anyio-4.12.0\ncollecting ... collected 8 items\n\nsandbox/test_logic_bug.py::test_count_down_positive_number PASSED        [ 12%]\nsandbox/test_logic_bug.py::test_count_down_from_one PASSED               [ 25%]\nsandbox/test_logic_bug.py::test_count_down_zero_raises_value_error PASSED [ 37%]\nsandbox/test_logic_bug.py::test_count_down_negative_number_raises_value_error PASSED [ 50%]\nsandbox/test_logic_bug.py::test_count_down_float_raises_type_error PASSED [ 62%]\nsandbox/test_logic_bug.py::test_count_down_string_raises_type_error PASSED [ 75%]\nsandbox/test_logic_bug.py::test_count_down_none_raises_type_error PASSED [ 87%]\nsandbox/test_logic_bug.py::test_count_down_large_number PASSED           [100%]\n\n============================== 8 passed in 0.05s ==============================\n",
            "pylint_report": "************* Module logic_bug\nsandbox\\logic_bug.py:26:0: C0304: Final newline missing (missing-final-newline)\n\n------------------------------------------------------------------\nYour code has been rated at 8.75/10 (previous run: 2.50/10, +6.25)\n\n",
            "file_validated": "logic_bug.py",
            "iteration": 1,
            "tests_passed": true,
            "pylint_score": 8.75
        },
        "status": "SUCCESS"
    },
    {
        "id": "50975842-8d4e-4c57-8d3d-49fc90406ea7",
        "timestamp": "2026-02-28T23:33:18.617713",
        "agent": "Auditor",
        "model": "gemini-2.5-flash-lite",
        "action": "CODE_ANALYSIS",
        "details": {
            "input_prompt": "**File:** messy_code.py\n\n**Pylint Report:**\n```\n************* Module messy_code\nsandbox\\messy_code.py:7:0: C0304: Final newline missing (missing-final-newline)\nsandbox\\messy_code.py:1:0: C0114: Missing module docstring (missing-module-docstring)\nsandbox\\messy_code.py:1:0: C0103: Constant name \"x\" doesn't conform to UPPER_CASE naming style (invalid-name)\nsandbox\\messy_code.py:3:0: C0116: Missing function or method docstring (missing-function-docstring)\n\n-----------------------------------\nYour code has been rated at 3.33/10\n\n\n```\n\n**Code to Analyze:**\n```python\nx = 10\n# Variable mal nommée, pas de docstring, logique inutile\ndef f(z):\n    if z > 0:\n        if z < 100:\n            return True\n    return False\n```\n\nPlease provide your structured analysis following the output format specified in your system prompt.",
            "output_response": "```\n## Critical Issues\n- No critical functional bugs identified. The logic in `f(z)` correctly implements the condition of checking if `z` is strictly greater than 0 and strictly less than 100.\n\n## Style & Convention Violations\n-   **L1: C0103: Constant name \"x\" doesn't conform to UPPER_CASE naming style.** The variable `x` is not named according to PEP 8 guidelines for constants (which should be `UPPER_CASE`).\n-   **L1: C0114: Missing module docstring.** The file lacks a docstring explaining its overall purpose.\n-   **L3: C0116: Missing function or method docstring.** The function `f` lacks a docstring explaining its purpose, arguments, and return value.\n-   **L3: Poor function name.** The function name `f` is too generic and does not convey its purpose, making the code less readable.\n-   **L1: Unused variable.** The variable `x` is defined but never used within the module, making it dead code.\n-   **L2: Non-English comment.** The comment `# Variable mal nommée, pas de docstring, logique inutile` is in French. For professional codebases, comments should ideally be in English for consistency and broader maintainability.\n-   **L4-L6: Redundant nested if statements.** The conditional logic `if z > 0: if z < 100:` can be simplified into a single, more Pythonic expression.\n-   **L7: C0304: Final newline missing.** The file is missing a newline character at the end, which is a common PEP 8 requirement.\n\n## Type Hints Required\n-   **L1: Variable `x`:** If `x` were intended to be a constant, it should be annotated with its type, e.g., `x: int = 10`. However, given it's unused, removal is preferred.\n-   **L3: Function `f` parameter `z`:** The parameter `z` should be type-annotated, likely `int` or `float`, depending on the expected numerical input.\n-   **L3: Function `f` return type:** The function's return type should be annotated as `bool`.\n\n## Best Practice Improvements\n-   **Documentation:** Add a module-level docstring to describe the file's content and purpose. Implement a comprehensive docstring for the `f` function, detailing its functionality, parameters, and return value.\n-   **Readability & Conciseness:** Simplify the conditional logic within the `f` function to improve readability and reduce cognitive load.\n-   **Dead Code Elimination:** Remove the unused variable `x` to keep the codebase clean and prevent confusion.\n-   **Naming Conventions:** Use descriptive names for functions and variables to clearly communicate their intent, adhering to PEP 8.\n\n## Refactoring Recommendations\n1.  **L1: Add a module docstring.**\n    ```python\n    \"\"\"\n    This module provides utility functions for numerical range checks.\n    \"\"\"\n    ```\n2.  **L1: Remove unused variable `x`.** Since `x` is not used, it should be removed. If it were intended to be a constant, it should be renamed to `UPPER_CASE` (e.g., `MAX_VALUE = 100`) and given a type hint.\n3.  **L2: Remove the non-English comment.**\n4.  **L3: Rename function `f` to a descriptive name.** A suitable name would be `is_number_in_positive_range` or `is_between_0_and_100`.\n5.  **L3: Add type hints to the function signature.** Annotate `z` with `int | float` and the return type with `bool`.\n6.  **L3: Add a comprehensive docstring to the function.**\n7.  **L4-L7: Simplify the conditional logic.** Replace the nested `if` statements with a single, more Pythonic comparison.\n8.  **L7: Add a final newline to the file.**\n\n**Refactored Code Example:**\n```python\n\"\"\"\nThis module provides utility functions for numerical range checks.\n\"\"\"\n\ndef is_number_in_positive_range(value: int | float) -> bool:\n    \"\"\"\n    Checks if a given number is strictly greater than 0 and strictly less than 100.\n\n    Args:\n        value: The number to check. Can be an integer or a float.\n\n    Returns:\n        True if the number is within the range (0, 100), False otherwise.\n    \"\"\"\n    return 0 < value < 100\n```\n\n## Overall Assessment\nThe original code is extremely minimal but highlights several fundamental issues common in less mature codebases. The Pylint report accurately identifies basic style and documentation deficiencies. The primary areas for improvement are adherence to PEP 8 (naming, docstrings, final newline), the addition of type hints for improved clarity and maintainability, and the simplification of conditional logic. While the code is not functionally buggy, its current state lacks clarity, professionalism, and adherence to Python best practices, making it less maintainable and harder to understand without external context. Addressing these issues will significantly improve the code's quality.",
            "file_analyzed": "messy_code.py",
            "pylint_score": 3.33
        },
        "status": "SUCCESS"
    },
    {
        "id": "34fefbcc-6d3d-4c16-87e4-7c9ebbc0b2a9",
        "timestamp": "2026-02-28T23:33:22.297973",
        "agent": "Fixer",
        "model": "gemini-2.5-flash-lite",
        "action": "FIX",
        "details": {
            "input_prompt": "**File:** messy_code.py\n**Iteration:** 1/10\n\n**Original Code:**\n```python\nx = 10\n# Variable mal nommée, pas de docstring, logique inutile\ndef f(z):\n    if z > 0:\n        if z < 100:\n            return True\n    return False\n```\n\n**Refactoring Plan from Auditor:**\n```\n## Critical Issues\n- No critical functional bugs identified. The logic in `f(z)` correctly implements the condition of checking if `z` is strictly greater than 0 and strictly less than 100.\n\n## Style & Convention Violations\n-   **L1: C0103: Constant name \"x\" doesn't conform to UPPER_CASE naming style.** The variable `x` is not named according to PEP 8 guidelines for constants (which should be `UPPER_CASE`).\n-   **L1: C0114: Missing module docstring.** The file lacks a docstring explaining its overall purpose.\n-   **L3: C0116: Missing function or method docstring.** The function `f` lacks a docstring explaining its purpose, arguments, and return value.\n-   **L3: Poor function name.** The function name `f` is too generic and does not convey its purpose, making the code less readable.\n-   **L1: Unused variable.** The variable `x` is defined but never used within the module, making it dead code.\n-   **L2: Non-English comment.** The comment `# Variable mal nommée, pas de docstring, logique inutile` is in French. For professional codebases, comments should ideally be in English for consistency and broader maintainability.\n-   **L4-L6: Redundant nested if statements.** The conditional logic `if z > 0: if z < 100:` can be simplified into a single, more Pythonic expression.\n-   **L7: C0304: Final newline missing.** The file is missing a newline character at the end, which is a common PEP 8 requirement.\n\n## Type Hints Required\n-   **L1: Variable `x`:** If `x` were intended to be a constant, it should be annotated with its type, e.g., `x: int = 10`. However, given it's unused, removal is preferred.\n-   **L3: Function `f` parameter `z`:** The parameter `z` should be type-annotated, likely `int` or `float`, depending on the expected numerical input.\n-   **L3: Function `f` return type:** The function's return type should be annotated as `bool`.\n\n## Best Practice Improvements\n-   **Documentation:** Add a module-level docstring to describe the file's content and purpose. Implement a comprehensive docstring for the `f` function, detailing its functionality, parameters, and return value.\n-   **Readability & Conciseness:** Simplify the conditional logic within the `f` function to improve readability and reduce cognitive load.\n-   **Dead Code Elimination:** Remove the unused variable `x` to keep the codebase clean and prevent confusion.\n-   **Naming Conventions:** Use descriptive names for functions and variables to clearly communicate their intent, adhering to PEP 8.\n\n## Refactoring Recommendations\n1.  **L1: Add a module docstring.**\n    ```python\n    \"\"\"\n    This module provides utility functions for numerical range checks.\n    \"\"\"\n    ```\n2.  **L1: Remove unused variable `x`.** Since `x` is not used, it should be removed. If it were intended to be a constant, it should be renamed to `UPPER_CASE` (e.g., `MAX_VALUE = 100`) and given a type hint.\n3.  **L2: Remove the non-English comment.**\n4.  **L3: Rename function `f` to a descriptive name.** A suitable name would be `is_number_in_positive_range` or `is_between_0_and_100`.\n5.  **L3: Add type hints to the function signature.** Annotate `z` with `int | float` and the return type with `bool`.\n6.  **L3: Add a comprehensive docstring to the function.**\n7.  **L4-L7: Simplify the conditional logic.** Replace the nested `if` statements with a single, more Pythonic comparison.\n8.  **L7: Add a final newline to the file.**\n\n**Refactored Code Example:**\n```python\n\"\"\"\nThis module provides utility functions for numerical range checks.\n\"\"\"\n\ndef is_number_in_positive_range(value: int | float) -> bool:\n    \"\"\"\n    Checks if a given number is strictly greater than 0 and strictly less than 100.\n\n    Args:\n        value: The number to check. Can be an integer or a float.\n\n    Returns:\n        True if the number is within the range (0, 100), False otherwise.\n    \"\"\"\n    return 0 < value < 100\n```\n\n## Overall Assessment\nThe original code is extremely minimal but highlights several fundamental issues common in less mature codebases. The Pylint report accurately identifies basic style and documentation deficiencies. The primary areas for improvement are adherence to PEP 8 (naming, docstrings, final newline), the addition of type hints for improved clarity and maintainability, and the simplification of conditional logic. While the code is not functionally buggy, its current state lacks clarity, professionalism, and adherence to Python best practices, making it less maintainable and harder to understand without external context. Addressing these issues will significantly improve the code's quality.\n\n**Pylint Report:**\n```\n************* Module messy_code\nsandbox\\messy_code.py:7:0: C0304: Final newline missing (missing-final-newline)\nsandbox\\messy_code.py:1:0: C0114: Missing module docstring (missing-module-docstring)\nsandbox\\messy_code.py:1:0: C0103: Constant name \"x\" doesn't conform to UPPER_CASE naming style (invalid-name)\nsandbox\\messy_code.py:3:0: C0116: Missing function or method docstring (missing-function-docstring)\n\n-----------------------------------\nYour code has been rated at 3.33/10\n\n\n```\n\n\nProvide the COMPLETE corrected code now.",
            "output_response": "```python\n\"\"\"\nThis module provides utility functions for numerical range checks.\n\"\"\"\n\ndef is_number_in_positive_range(value: int | float) -> bool:\n    \"\"\"\n    Checks if a given number is strictly greater than 0 and strictly less than 100.\n\n    Args:\n        value: The number to check. Can be an integer or a float.\n\n    Returns:\n        True if the number is within the range (0, 100), False otherwise.\n    \"\"\"\n    return 0 < value < 100\n```",
            "file_fixed": "messy_code.py",
            "iteration": 1,
            "code_length": 428
        },
        "status": "SUCCESS"
    },
    {
        "id": "d9a9e792-22a3-4bd2-9809-7ff61134d90a",
        "timestamp": "2026-02-28T23:33:32.569604",
        "agent": "TestGenerator",
        "model": "gemini-2.5-flash",
        "action": "FIX",
        "details": {
            "input_prompt": "**Source File:** messy_code.py\n\n**Source Code:**\n```python\n\"\"\"\nThis module provides utility functions for numerical range checks.\n\"\"\"\n\ndef is_number_in_positive_range(value: int | float) -> bool:\n    \"\"\"\n    Checks if a given number is strictly greater than 0 and strictly less than 100.\n\n    Args:\n        value: The number to check. Can be an integer or a float.\n\n    Returns:\n        True if the number is within the range (0, 100), False otherwise.\n    \"\"\"\n    return 0 < value < 100\n```\n\nPlease provide the COMPLETE, comprehensive `pytest` test file for the code above, following the output format specified in your system prompt.",
            "output_response": "```python\nimport pytest\nfrom messy_code import is_number_in_positive_range\n\n@pytest.mark.parametrize(\"value\", [\n    1,\n    50,\n    99,\n    0.0001,\n    99.9999,\n    50.5,\n    1.0,\n    99.0,\n    0.000000000000001,  # Very small positive float\n    99.99999999999999   # Very large float just under 100\n])\ndef test_is_number_in_positive_range_valid_numbers(value: int | float):\n    \"\"\"\n    Tests that numbers strictly between 0 and 100 (exclusive) return True.\n    This includes integers and floats.\n    \"\"\"\n    assert is_number_in_positive_range(value) is True\n\n@pytest.mark.parametrize(\"value\", [\n    0,\n    100,\n    -1,\n    -0.0001,\n    101,\n    100.0001,\n    0.0,  # Lower boundary as float\n    100.0,  # Upper boundary as float\n    -100,\n    200,\n    float('inf'),\n    float('-inf')\n])\ndef test_is_number_in_positive_range_invalid_numbers(value: int | float):\n    \"\"\"\n    Tests that numbers outside or exactly at the boundaries of the (0, 100) range\n    return False. This includes negative numbers, numbers greater than 100,\n    and positive/negative infinity.\n    \"\"\"\n    assert is_number_in_positive_range(value) is False\n\ndef test_is_number_in_positive_range_nan():\n    \"\"\"\n    Tests that NaN (Not a Number) correctly returns False, as it does not satisfy\n    the comparison `0 < NaN < 100`.\n    \"\"\"\n    assert is_number_in_positive_range(float('nan')) is False\n\n@pytest.mark.parametrize(\"value\", [\n    \"hello\",\n    [1, 2],\n    None,\n    {\"key\": \"value\"},\n    (1, 2),\n    object(),\n    True,  # Booleans are subclasses of int, so True is 1, False is 0\n    False\n])\ndef test_is_number_in_positive_range_non_numeric_input_raises_type_error(value):\n    \"\"\"\n    Tests that passing non-numeric types (excluding booleans, which are handled\n    as numbers) to the function raises a TypeError due to comparison operations.\n    \"\"\"\n    # Booleans are special: True is 1, False is 0.\n    # The function will return True for True (1) and False for False (0).\n    # We test other non-numeric types for TypeError.\n    if isinstance(value, bool):\n        if value is True:\n            assert is_number_in_positive_range(value) is True\n        else: # value is False\n            assert is_number_in_positive_range(value) is False\n    else:\n        with pytest.raises(TypeError):\n            is_number_in_positive_range(value)\n\ndef test_is_number_in_positive_range_large_integer():\n    \"\"\"\n    Tests with a very large integer within the range.\n    \"\"\"\n    assert is_number_in_positive_range(99) is True\n\ndef test_is_number_in_positive_range_large_float():\n    \"\"\"\n    Tests with a very large float within the range.\n    \"\"\"\n    assert is_number_in_positive_range(99.9999999999999) is True\n\ndef test_is_number_in_positive_range_zero_float_precision():\n    \"\"\"\n    Tests a float very close to zero but still positive.\n    \"\"\"\n    assert is_number_in_positive_range(1e-10) is True\n\ndef test_is_number_in_positive_range_hundred_float_precision():\n    \"\"\"\n    Tests a float very close to 100 but still negative.\n    \"\"\"\n    assert is_number_in_positive_range(100 - 1e-10) is True\n```",
            "file_generated": "test_messy_code.py",
            "iteration": 1,
            "code_length": 3053,
            "note": "Automatically generated missing test file"
        },
        "status": "SUCCESS"
    },
    {
        "id": "cbd4e15d-4e05-4586-a4d0-3bb56352da6a",
        "timestamp": "2026-02-28T23:33:34.216520",
        "agent": "Judge",
        "model": "gemini-2.5-flash-lite",
        "action": "DEBUG",
        "details": {
            "input_prompt": "Validating messy_code.py at iteration 1",
            "output_response": "Tests passed: True, Pylint score: 5.0",
            "test_results": "✅ All tests passed!\n\n============================= test session starts =============================\nplatform win32 -- Python 3.11.9, pytest-7.4.4, pluggy-1.6.0 -- C:\\Users\\B-TECH\\Downloads\\Refactoring-Swarm-Equipe-Guembo\\.venv\\Scripts\\python.exe\ncachedir: .pytest_cache\nrootdir: C:\\Users\\B-TECH\\Downloads\\Refactoring-Swarm-Equipe-Guembo\nplugins: anyio-4.12.0\ncollecting ... collected 35 items\n\nsandbox/test_messy_code.py::test_is_number_in_positive_range_valid_numbers[1] PASSED [  2%]\nsandbox/test_messy_code.py::test_is_number_in_positive_range_valid_numbers[50] PASSED [  5%]\nsandbox/test_messy_code.py::test_is_number_in_positive_range_valid_numbers[99] PASSED [  8%]\nsandbox/test_messy_code.py::test_is_number_in_positive_range_valid_numbers[0.0001] PASSED [ 11%]\nsandbox/test_messy_code.py::test_is_number_in_positive_range_valid_numbers[99.9999] PASSED [ 14%]\nsandbox/test_messy_code.py::test_is_number_in_positive_range_valid_numbers[50.5] PASSED [ 17%]\nsandbox/test_messy_code.py::test_is_number_in_positive_range_valid_numbers[1.0] PASSED [ 20%]\nsandbox/test_messy_code.py::test_is_number_in_positive_range_valid_numbers[99.0] PASSED [ 22%]\nsandbox/test_messy_code.py::test_is_number_in_positive_range_valid_numbers[1e-15] PASSED [ 25%]\nsandbox/test_messy_code.py::test_is_number_in_positive_range_valid_numbers[99.99999999999999] PASSED [ 28%]\nsandbox/test_messy_code.py::test_is_number_in_positive_range_invalid_numbers[0] PASSED [ 31%]\nsandbox/test_messy_code.py::test_is_number_in_positive_range_invalid_numbers[100] PASSED [ 34%]\nsandbox/test_messy_code.py::test_is_number_in_positive_range_invalid_numbers[-1] PASSED [ 37%]\nsandbox/test_messy_code.py::test_is_number_in_positive_range_invalid_numbers[-0.0001] PASSED [ 40%]\nsandbox/test_messy_code.py::test_is_number_in_positive_range_invalid_numbers[101] PASSED [ 42%]\nsandbox/test_messy_code.py::test_is_number_in_positive_range_invalid_numbers[100.0001] PASSED [ 45%]\nsandbox/test_messy_code.py::test_is_number_in_positive_range_invalid_numbers[0.0] PASSED [ 48%]\nsandbox/test_messy_code.py::test_is_number_in_positive_range_invalid_numbers[100.0] PASSED [ 51%]\nsandbox/test_messy_code.py::test_is_number_in_positive_range_invalid_numbers[-100] PASSED [ 54%]\nsandbox/test_messy_code.py::test_is_number_in_positive_range_invalid_numbers[200] PASSED [ 57%]\nsandbox/test_messy_code.py::test_is_number_in_positive_range_invalid_numbers[inf] PASSED [ 60%]\nsandbox/test_messy_code.py::test_is_number_in_positive_range_invalid_numbers[-inf] PASSED [ 62%]\nsandbox/test_messy_code.py::test_is_number_in_positive_range_nan PASSED  [ 65%]\nsandbox/test_messy_code.py::test_is_number_in_positive_range_non_numeric_input_raises_type_error[hello] PASSED [ 68%]\nsandbox/test_messy_code.py::test_is_number_in_positive_range_non_numeric_input_raises_type_error[value1] PASSED [ 71%]\nsandbox/test_messy_code.py::test_is_number_in_positive_range_non_numeric_input_raises_type_error[None] PASSED [ 74%]\nsandbox/test_messy_code.py::test_is_number_in_positive_range_non_numeric_input_raises_type_error[value3] PASSED [ 77%]\nsandbox/test_messy_code.py::test_is_number_in_positive_range_non_numeric_input_raises_type_error[value4] PASSED [ 80%]\nsandbox/test_messy_code.py::test_is_number_in_positive_range_non_numeric_input_raises_type_error[value5] PASSED [ 82%]\nsandbox/test_messy_code.py::test_is_number_in_positive_range_non_numeric_input_raises_type_error[True] PASSED [ 85%]\nsandbox/test_messy_code.py::test_is_number_in_positive_range_non_numeric_input_raises_type_error[False] PASSED [ 88%]\nsandbox/test_messy_code.py::test_is_number_in_positive_range_large_integer PASSED [ 91%]\nsandbox/test_messy_code.py::test_is_number_in_positive_range_large_float PASSED [ 94%]\nsandbox/test_messy_code.py::test_is_number_in_positive_range_zero_float_precision PASSED [ 97%]\nsandbox/test_messy_code.py::test_is_number_in_positive_range_hundred_float_precision PASSED [100%]\n\n============================= 35 passed in 0.08s ==============================\n",
            "pylint_report": "************* Module messy_code\nsandbox\\messy_code.py:15:0: C0304: Final newline missing (missing-final-newline)\n\n------------------------------------------------------------------\nYour code has been rated at 5.00/10 (previous run: 3.33/10, +1.67)\n\n",
            "file_validated": "messy_code.py",
            "iteration": 1,
            "tests_passed": true,
            "pylint_score": 5.0
        },
        "status": "FAILED"
    },
    {
        "id": "e622e3fe-c21c-44e5-95e2-52bb9fa8db62",
        "timestamp": "2026-02-28T23:33:40.648463",
        "agent": "Fixer",
        "model": "gemini-2.5-flash-lite",
        "action": "FIX",
        "details": {
            "input_prompt": "**File:** messy_code.py\n**Iteration:** 2/10\n\n**Original Code:**\n```python\n\"\"\"\nThis module provides utility functions for numerical range checks.\n\"\"\"\n\ndef is_number_in_positive_range(value: int | float) -> bool:\n    \"\"\"\n    Checks if a given number is strictly greater than 0 and strictly less than 100.\n\n    Args:\n        value: The number to check. Can be an integer or a float.\n\n    Returns:\n        True if the number is within the range (0, 100), False otherwise.\n    \"\"\"\n    return 0 < value < 100\n```\n\n**Refactoring Plan from Auditor:**\n```\n## Critical Issues\n- No critical functional bugs identified. The logic in `f(z)` correctly implements the condition of checking if `z` is strictly greater than 0 and strictly less than 100.\n\n## Style & Convention Violations\n-   **L1: C0103: Constant name \"x\" doesn't conform to UPPER_CASE naming style.** The variable `x` is not named according to PEP 8 guidelines for constants (which should be `UPPER_CASE`).\n-   **L1: C0114: Missing module docstring.** The file lacks a docstring explaining its overall purpose.\n-   **L3: C0116: Missing function or method docstring.** The function `f` lacks a docstring explaining its purpose, arguments, and return value.\n-   **L3: Poor function name.** The function name `f` is too generic and does not convey its purpose, making the code less readable.\n-   **L1: Unused variable.** The variable `x` is defined but never used within the module, making it dead code.\n-   **L2: Non-English comment.** The comment `# Variable mal nommée, pas de docstring, logique inutile` is in French. For professional codebases, comments should ideally be in English for consistency and broader maintainability.\n-   **L4-L6: Redundant nested if statements.** The conditional logic `if z > 0: if z < 100:` can be simplified into a single, more Pythonic expression.\n-   **L7: C0304: Final newline missing.** The file is missing a newline character at the end, which is a common PEP 8 requirement.\n\n## Type Hints Required\n-   **L1: Variable `x`:** If `x` were intended to be a constant, it should be annotated with its type, e.g., `x: int = 10`. However, given it's unused, removal is preferred.\n-   **L3: Function `f` parameter `z`:** The parameter `z` should be type-annotated, likely `int` or `float`, depending on the expected numerical input.\n-   **L3: Function `f` return type:** The function's return type should be annotated as `bool`.\n\n## Best Practice Improvements\n-   **Documentation:** Add a module-level docstring to describe the file's content and purpose. Implement a comprehensive docstring for the `f` function, detailing its functionality, parameters, and return value.\n-   **Readability & Conciseness:** Simplify the conditional logic within the `f` function to improve readability and reduce cognitive load.\n-   **Dead Code Elimination:** Remove the unused variable `x` to keep the codebase clean and prevent confusion.\n-   **Naming Conventions:** Use descriptive names for functions and variables to clearly communicate their intent, adhering to PEP 8.\n\n## Refactoring Recommendations\n1.  **L1: Add a module docstring.**\n    ```python\n    \"\"\"\n    This module provides utility functions for numerical range checks.\n    \"\"\"\n    ```\n2.  **L1: Remove unused variable `x`.** Since `x` is not used, it should be removed. If it were intended to be a constant, it should be renamed to `UPPER_CASE` (e.g., `MAX_VALUE = 100`) and given a type hint.\n3.  **L2: Remove the non-English comment.**\n4.  **L3: Rename function `f` to a descriptive name.** A suitable name would be `is_number_in_positive_range` or `is_between_0_and_100`.\n5.  **L3: Add type hints to the function signature.** Annotate `z` with `int | float` and the return type with `bool`.\n6.  **L3: Add a comprehensive docstring to the function.**\n7.  **L4-L7: Simplify the conditional logic.** Replace the nested `if` statements with a single, more Pythonic comparison.\n8.  **L7: Add a final newline to the file.**\n\n**Refactored Code Example:**\n```python\n\"\"\"\nThis module provides utility functions for numerical range checks.\n\"\"\"\n\ndef is_number_in_positive_range(value: int | float) -> bool:\n    \"\"\"\n    Checks if a given number is strictly greater than 0 and strictly less than 100.\n\n    Args:\n        value: The number to check. Can be an integer or a float.\n\n    Returns:\n        True if the number is within the range (0, 100), False otherwise.\n    \"\"\"\n    return 0 < value < 100\n```\n\n## Overall Assessment\nThe original code is extremely minimal but highlights several fundamental issues common in less mature codebases. The Pylint report accurately identifies basic style and documentation deficiencies. The primary areas for improvement are adherence to PEP 8 (naming, docstrings, final newline), the addition of type hints for improved clarity and maintainability, and the simplification of conditional logic. While the code is not functionally buggy, its current state lacks clarity, professionalism, and adherence to Python best practices, making it less maintainable and harder to understand without external context. Addressing these issues will significantly improve the code's quality.\n\n**Pylint Report:**\n```\n************* Module messy_code\nsandbox\\messy_code.py:15:0: C0304: Final newline missing (missing-final-newline)\n\n------------------------------------------------------------------\nYour code has been rated at 5.00/10 (previous run: 3.33/10, +1.67)\n\n\n```\n\n**Previous Test Results (FAILURES TO FIX):**\n```\n✅ All tests passed!\n\n============================= test session starts =============================\nplatform win32 -- Python 3.11.9, pytest-7.4.4, pluggy-1.6.0 -- C:\\Users\\B-TECH\\Downloads\\Refactoring-Swarm-Equipe-Guembo\\.venv\\Scripts\\python.exe\ncachedir: .pytest_cache\nrootdir: C:\\Users\\B-TECH\\Downloads\\Refactoring-Swarm-Equipe-Guembo\nplugins: anyio-4.12.0\ncollecting ... collected 35 items\n\nsandbox/test_messy_code.py::test_is_number_in_positive_range_valid_numbers[1] PASSED [  2%]\nsandbox/test_messy_code.py::test_is_number_in_positive_range_valid_numbers[50] PASSED [  5%]\nsandbox/test_messy_code.py::test_is_number_in_positive_range_valid_numbers[99] PASSED [  8%]\nsandbox/test_messy_code.py::test_is_number_in_positive_range_valid_numbers[0.0001] PASSED [ 11%]\nsandbox/test_messy_code.py::test_is_number_in_positive_range_valid_numbers[99.9999] PASSED [ 14%]\nsandbox/test_messy_code.py::test_is_number_in_positive_range_valid_numbers[50.5] PASSED [ 17%]\nsandbox/test_messy_code.py::test_is_number_in_positive_range_valid_numbers[1.0] PASSED [ 20%]\nsandbox/test_messy_code.py::test_is_number_in_positive_range_valid_numbers[99.0] PASSED [ 22%]\nsandbox/test_messy_code.py::test_is_number_in_positive_range_valid_numbers[1e-15] PASSED [ 25%]\nsandbox/test_messy_code.py::test_is_number_in_positive_range_valid_numbers[99.99999999999999] PASSED [ 28%]\nsandbox/test_messy_code.py::test_is_number_in_positive_range_invalid_numbers[0] PASSED [ 31%]\nsandbox/test_messy_code.py::test_is_number_in_positive_range_invalid_numbers[100] PASSED [ 34%]\nsandbox/test_messy_code.py::test_is_number_in_positive_range_invalid_numbers[-1] PASSED [ 37%]\nsandbox/test_messy_code.py::test_is_number_in_positive_range_invalid_numbers[-0.0001] PASSED [ 40%]\nsandbox/test_messy_code.py::test_is_number_in_positive_range_invalid_numbers[101] PASSED [ 42%]\nsandbox/test_messy_code.py::test_is_number_in_positive_range_invalid_numbers[100.0001] PASSED [ 45%]\nsandbox/test_messy_code.py::test_is_number_in_positive_range_invalid_numbers[0.0] PASSED [ 48%]\nsandbox/test_messy_code.py::test_is_number_in_positive_range_invalid_numbers[100.0] PASSED [ 51%]\nsandbox/test_messy_code.py::test_is_number_in_positive_range_invalid_numbers[-100] PASSED [ 54%]\nsandbox/test_messy_code.py::test_is_number_in_positive_range_invalid_numbers[200] PASSED [ 57%]\nsandbox/test_messy_code.py::test_is_number_in_positive_range_invalid_numbers[inf] PASSED [ 60%]\nsandbox/test_messy_code.py::test_is_number_in_positive_range_invalid_numbers[-inf] PASSED [ 62%]\nsandbox/test_messy_code.py::test_is_number_in_positive_range_nan PASSED  [ 65%]\nsandbox/test_messy_code.py::test_is_number_in_positive_range_non_numeric_input_raises_type_error[hello] PASSED [ 68%]\nsandbox/test_messy_code.py::test_is_number_in_positive_range_non_numeric_input_raises_type_error[value1] PASSED [ 71%]\nsandbox/test_messy_code.py::test_is_number_in_positive_range_non_numeric_input_raises_type_error[None] PASSED [ 74%]\nsandbox/test_messy_code.py::test_is_number_in_positive_range_non_numeric_input_raises_type_error[value3] PASSED [ 77%]\nsandbox/test_messy_code.py::test_is_number_in_positive_range_non_numeric_input_raises_type_error[value4] PASSED [ 80%]\nsandbox/test_messy_code.py::test_is_number_in_positive_range_non_numeric_input_raises_type_error[value5] PASSED [ 82%]\nsandbox/test_messy_code.py::test_is_number_in_positive_range_non_numeric_input_raises_type_error[True] PASSED [ 85%]\nsandbox/test_messy_code.py::test_is_number_in_positive_range_non_numeric_input_raises_type_error[False] PASSED [ 88%]\nsandbox/test_messy_code.py::test_is_number_in_positive_range_large_integer PASSED [ 91%]\nsandbox/test_messy_code.py::test_is_number_in_positive_range_large_float PASSED [ 94%]\nsandbox/test_messy_code.py::test_is_number_in_positive_range_zero_float_precision PASSED [ 97%]\nsandbox/test_messy_code.py::test_is_number_in_positive_range_hundred_float_precision PASSED [100%]\n\n============================= 35 passed in 0.08s ==============================\n\n```\n\n⚠️ **IMPORTANT:** This is attempt #2. The previous fix attempt failed the tests above.\nCarefully analyze the error messages and fix the root cause. Do not repeat the same mistakes.\n\n\nProvide the COMPLETE corrected code now.",
            "output_response": "```python\n\"\"\"\nThis module provides utility functions for numerical range checks.\n\"\"\"\n\ndef is_number_in_positive_range(value: int | float) -> bool:\n    \"\"\"\n    Checks if a given number is strictly greater than 0 and strictly less than 100.\n\n    Args:\n        value: The number to check. Can be an integer or a float.\n\n    Returns:\n        True if the number is within the range (0, 100), False otherwise.\n    \"\"\"\n    return 0 < value < 100\n\n```",
            "file_fixed": "messy_code.py",
            "iteration": 2,
            "code_length": 428
        },
        "status": "SUCCESS"
    },
    {
        "id": "0a273fd4-3433-4f07-b586-f069139d4be5",
        "timestamp": "2026-02-28T23:33:42.399482",
        "agent": "Judge",
        "model": "gemini-2.5-flash-lite",
        "action": "DEBUG",
        "details": {
            "input_prompt": "Validating messy_code.py at iteration 2",
            "output_response": "Tests passed: True, Pylint score: 5.0",
            "test_results": "✅ All tests passed!\n\n============================= test session starts =============================\nplatform win32 -- Python 3.11.9, pytest-7.4.4, pluggy-1.6.0 -- C:\\Users\\B-TECH\\Downloads\\Refactoring-Swarm-Equipe-Guembo\\.venv\\Scripts\\python.exe\ncachedir: .pytest_cache\nrootdir: C:\\Users\\B-TECH\\Downloads\\Refactoring-Swarm-Equipe-Guembo\nplugins: anyio-4.12.0\ncollecting ... collected 35 items\n\nsandbox/test_messy_code.py::test_is_number_in_positive_range_valid_numbers[1] PASSED [  2%]\nsandbox/test_messy_code.py::test_is_number_in_positive_range_valid_numbers[50] PASSED [  5%]\nsandbox/test_messy_code.py::test_is_number_in_positive_range_valid_numbers[99] PASSED [  8%]\nsandbox/test_messy_code.py::test_is_number_in_positive_range_valid_numbers[0.0001] PASSED [ 11%]\nsandbox/test_messy_code.py::test_is_number_in_positive_range_valid_numbers[99.9999] PASSED [ 14%]\nsandbox/test_messy_code.py::test_is_number_in_positive_range_valid_numbers[50.5] PASSED [ 17%]\nsandbox/test_messy_code.py::test_is_number_in_positive_range_valid_numbers[1.0] PASSED [ 20%]\nsandbox/test_messy_code.py::test_is_number_in_positive_range_valid_numbers[99.0] PASSED [ 22%]\nsandbox/test_messy_code.py::test_is_number_in_positive_range_valid_numbers[1e-15] PASSED [ 25%]\nsandbox/test_messy_code.py::test_is_number_in_positive_range_valid_numbers[99.99999999999999] PASSED [ 28%]\nsandbox/test_messy_code.py::test_is_number_in_positive_range_invalid_numbers[0] PASSED [ 31%]\nsandbox/test_messy_code.py::test_is_number_in_positive_range_invalid_numbers[100] PASSED [ 34%]\nsandbox/test_messy_code.py::test_is_number_in_positive_range_invalid_numbers[-1] PASSED [ 37%]\nsandbox/test_messy_code.py::test_is_number_in_positive_range_invalid_numbers[-0.0001] PASSED [ 40%]\nsandbox/test_messy_code.py::test_is_number_in_positive_range_invalid_numbers[101] PASSED [ 42%]\nsandbox/test_messy_code.py::test_is_number_in_positive_range_invalid_numbers[100.0001] PASSED [ 45%]\nsandbox/test_messy_code.py::test_is_number_in_positive_range_invalid_numbers[0.0] PASSED [ 48%]\nsandbox/test_messy_code.py::test_is_number_in_positive_range_invalid_numbers[100.0] PASSED [ 51%]\nsandbox/test_messy_code.py::test_is_number_in_positive_range_invalid_numbers[-100] PASSED [ 54%]\nsandbox/test_messy_code.py::test_is_number_in_positive_range_invalid_numbers[200] PASSED [ 57%]\nsandbox/test_messy_code.py::test_is_number_in_positive_range_invalid_numbers[inf] PASSED [ 60%]\nsandbox/test_messy_code.py::test_is_number_in_positive_range_invalid_numbers[-inf] PASSED [ 62%]\nsandbox/test_messy_code.py::test_is_number_in_positive_range_nan PASSED  [ 65%]\nsandbox/test_messy_code.py::test_is_number_in_positive_range_non_numeric_input_raises_type_error[hello] PASSED [ 68%]\nsandbox/test_messy_code.py::test_is_number_in_positive_range_non_numeric_input_raises_type_error[value1] PASSED [ 71%]\nsandbox/test_messy_code.py::test_is_number_in_positive_range_non_numeric_input_raises_type_error[None] PASSED [ 74%]\nsandbox/test_messy_code.py::test_is_number_in_positive_range_non_numeric_input_raises_type_error[value3] PASSED [ 77%]\nsandbox/test_messy_code.py::test_is_number_in_positive_range_non_numeric_input_raises_type_error[value4] PASSED [ 80%]\nsandbox/test_messy_code.py::test_is_number_in_positive_range_non_numeric_input_raises_type_error[value5] PASSED [ 82%]\nsandbox/test_messy_code.py::test_is_number_in_positive_range_non_numeric_input_raises_type_error[True] PASSED [ 85%]\nsandbox/test_messy_code.py::test_is_number_in_positive_range_non_numeric_input_raises_type_error[False] PASSED [ 88%]\nsandbox/test_messy_code.py::test_is_number_in_positive_range_large_integer PASSED [ 91%]\nsandbox/test_messy_code.py::test_is_number_in_positive_range_large_float PASSED [ 94%]\nsandbox/test_messy_code.py::test_is_number_in_positive_range_zero_float_precision PASSED [ 97%]\nsandbox/test_messy_code.py::test_is_number_in_positive_range_hundred_float_precision PASSED [100%]\n\n============================= 35 passed in 0.06s ==============================\n",
            "pylint_report": "************* Module messy_code\nsandbox\\messy_code.py:15:0: C0304: Final newline missing (missing-final-newline)\n\n------------------------------------------------------------------\nYour code has been rated at 5.00/10 (previous run: 5.00/10, +0.00)\n\n",
            "file_validated": "messy_code.py",
            "iteration": 2,
            "tests_passed": true,
            "pylint_score": 5.0
        },
        "status": "FAILED"
    },
    {
        "id": "39a1e650-ff9a-45d6-8803-4009b5c20970",
        "timestamp": "2026-02-28T23:33:52.097638",
        "agent": "Fixer",
        "model": "gemini-2.5-flash-lite",
        "action": "FIX",
        "details": {
            "input_prompt": "**File:** messy_code.py\n**Iteration:** 3/10\n\n**Original Code:**\n```python\n\"\"\"\nThis module provides utility functions for numerical range checks.\n\"\"\"\n\ndef is_number_in_positive_range(value: int | float) -> bool:\n    \"\"\"\n    Checks if a given number is strictly greater than 0 and strictly less than 100.\n\n    Args:\n        value: The number to check. Can be an integer or a float.\n\n    Returns:\n        True if the number is within the range (0, 100), False otherwise.\n    \"\"\"\n    return 0 < value < 100\n```\n\n**Refactoring Plan from Auditor:**\n```\n## Critical Issues\n- No critical functional bugs identified. The logic in `f(z)` correctly implements the condition of checking if `z` is strictly greater than 0 and strictly less than 100.\n\n## Style & Convention Violations\n-   **L1: C0103: Constant name \"x\" doesn't conform to UPPER_CASE naming style.** The variable `x` is not named according to PEP 8 guidelines for constants (which should be `UPPER_CASE`).\n-   **L1: C0114: Missing module docstring.** The file lacks a docstring explaining its overall purpose.\n-   **L3: C0116: Missing function or method docstring.** The function `f` lacks a docstring explaining its purpose, arguments, and return value.\n-   **L3: Poor function name.** The function name `f` is too generic and does not convey its purpose, making the code less readable.\n-   **L1: Unused variable.** The variable `x` is defined but never used within the module, making it dead code.\n-   **L2: Non-English comment.** The comment `# Variable mal nommée, pas de docstring, logique inutile` is in French. For professional codebases, comments should ideally be in English for consistency and broader maintainability.\n-   **L4-L6: Redundant nested if statements.** The conditional logic `if z > 0: if z < 100:` can be simplified into a single, more Pythonic expression.\n-   **L7: C0304: Final newline missing.** The file is missing a newline character at the end, which is a common PEP 8 requirement.\n\n## Type Hints Required\n-   **L1: Variable `x`:** If `x` were intended to be a constant, it should be annotated with its type, e.g., `x: int = 10`. However, given it's unused, removal is preferred.\n-   **L3: Function `f` parameter `z`:** The parameter `z` should be type-annotated, likely `int` or `float`, depending on the expected numerical input.\n-   **L3: Function `f` return type:** The function's return type should be annotated as `bool`.\n\n## Best Practice Improvements\n-   **Documentation:** Add a module-level docstring to describe the file's content and purpose. Implement a comprehensive docstring for the `f` function, detailing its functionality, parameters, and return value.\n-   **Readability & Conciseness:** Simplify the conditional logic within the `f` function to improve readability and reduce cognitive load.\n-   **Dead Code Elimination:** Remove the unused variable `x` to keep the codebase clean and prevent confusion.\n-   **Naming Conventions:** Use descriptive names for functions and variables to clearly communicate their intent, adhering to PEP 8.\n\n## Refactoring Recommendations\n1.  **L1: Add a module docstring.**\n    ```python\n    \"\"\"\n    This module provides utility functions for numerical range checks.\n    \"\"\"\n    ```\n2.  **L1: Remove unused variable `x`.** Since `x` is not used, it should be removed. If it were intended to be a constant, it should be renamed to `UPPER_CASE` (e.g., `MAX_VALUE = 100`) and given a type hint.\n3.  **L2: Remove the non-English comment.**\n4.  **L3: Rename function `f` to a descriptive name.** A suitable name would be `is_number_in_positive_range` or `is_between_0_and_100`.\n5.  **L3: Add type hints to the function signature.** Annotate `z` with `int | float` and the return type with `bool`.\n6.  **L3: Add a comprehensive docstring to the function.**\n7.  **L4-L7: Simplify the conditional logic.** Replace the nested `if` statements with a single, more Pythonic comparison.\n8.  **L7: Add a final newline to the file.**\n\n**Refactored Code Example:**\n```python\n\"\"\"\nThis module provides utility functions for numerical range checks.\n\"\"\"\n\ndef is_number_in_positive_range(value: int | float) -> bool:\n    \"\"\"\n    Checks if a given number is strictly greater than 0 and strictly less than 100.\n\n    Args:\n        value: The number to check. Can be an integer or a float.\n\n    Returns:\n        True if the number is within the range (0, 100), False otherwise.\n    \"\"\"\n    return 0 < value < 100\n```\n\n## Overall Assessment\nThe original code is extremely minimal but highlights several fundamental issues common in less mature codebases. The Pylint report accurately identifies basic style and documentation deficiencies. The primary areas for improvement are adherence to PEP 8 (naming, docstrings, final newline), the addition of type hints for improved clarity and maintainability, and the simplification of conditional logic. While the code is not functionally buggy, its current state lacks clarity, professionalism, and adherence to Python best practices, making it less maintainable and harder to understand without external context. Addressing these issues will significantly improve the code's quality.\n\n**Pylint Report:**\n```\n************* Module messy_code\nsandbox\\messy_code.py:15:0: C0304: Final newline missing (missing-final-newline)\n\n------------------------------------------------------------------\nYour code has been rated at 5.00/10 (previous run: 5.00/10, +0.00)\n\n\n```\n\n**Previous Test Results (FAILURES TO FIX):**\n```\n✅ All tests passed!\n\n============================= test session starts =============================\nplatform win32 -- Python 3.11.9, pytest-7.4.4, pluggy-1.6.0 -- C:\\Users\\B-TECH\\Downloads\\Refactoring-Swarm-Equipe-Guembo\\.venv\\Scripts\\python.exe\ncachedir: .pytest_cache\nrootdir: C:\\Users\\B-TECH\\Downloads\\Refactoring-Swarm-Equipe-Guembo\nplugins: anyio-4.12.0\ncollecting ... collected 35 items\n\nsandbox/test_messy_code.py::test_is_number_in_positive_range_valid_numbers[1] PASSED [  2%]\nsandbox/test_messy_code.py::test_is_number_in_positive_range_valid_numbers[50] PASSED [  5%]\nsandbox/test_messy_code.py::test_is_number_in_positive_range_valid_numbers[99] PASSED [  8%]\nsandbox/test_messy_code.py::test_is_number_in_positive_range_valid_numbers[0.0001] PASSED [ 11%]\nsandbox/test_messy_code.py::test_is_number_in_positive_range_valid_numbers[99.9999] PASSED [ 14%]\nsandbox/test_messy_code.py::test_is_number_in_positive_range_valid_numbers[50.5] PASSED [ 17%]\nsandbox/test_messy_code.py::test_is_number_in_positive_range_valid_numbers[1.0] PASSED [ 20%]\nsandbox/test_messy_code.py::test_is_number_in_positive_range_valid_numbers[99.0] PASSED [ 22%]\nsandbox/test_messy_code.py::test_is_number_in_positive_range_valid_numbers[1e-15] PASSED [ 25%]\nsandbox/test_messy_code.py::test_is_number_in_positive_range_valid_numbers[99.99999999999999] PASSED [ 28%]\nsandbox/test_messy_code.py::test_is_number_in_positive_range_invalid_numbers[0] PASSED [ 31%]\nsandbox/test_messy_code.py::test_is_number_in_positive_range_invalid_numbers[100] PASSED [ 34%]\nsandbox/test_messy_code.py::test_is_number_in_positive_range_invalid_numbers[-1] PASSED [ 37%]\nsandbox/test_messy_code.py::test_is_number_in_positive_range_invalid_numbers[-0.0001] PASSED [ 40%]\nsandbox/test_messy_code.py::test_is_number_in_positive_range_invalid_numbers[101] PASSED [ 42%]\nsandbox/test_messy_code.py::test_is_number_in_positive_range_invalid_numbers[100.0001] PASSED [ 45%]\nsandbox/test_messy_code.py::test_is_number_in_positive_range_invalid_numbers[0.0] PASSED [ 48%]\nsandbox/test_messy_code.py::test_is_number_in_positive_range_invalid_numbers[100.0] PASSED [ 51%]\nsandbox/test_messy_code.py::test_is_number_in_positive_range_invalid_numbers[-100] PASSED [ 54%]\nsandbox/test_messy_code.py::test_is_number_in_positive_range_invalid_numbers[200] PASSED [ 57%]\nsandbox/test_messy_code.py::test_is_number_in_positive_range_invalid_numbers[inf] PASSED [ 60%]\nsandbox/test_messy_code.py::test_is_number_in_positive_range_invalid_numbers[-inf] PASSED [ 62%]\nsandbox/test_messy_code.py::test_is_number_in_positive_range_nan PASSED  [ 65%]\nsandbox/test_messy_code.py::test_is_number_in_positive_range_non_numeric_input_raises_type_error[hello] PASSED [ 68%]\nsandbox/test_messy_code.py::test_is_number_in_positive_range_non_numeric_input_raises_type_error[value1] PASSED [ 71%]\nsandbox/test_messy_code.py::test_is_number_in_positive_range_non_numeric_input_raises_type_error[None] PASSED [ 74%]\nsandbox/test_messy_code.py::test_is_number_in_positive_range_non_numeric_input_raises_type_error[value3] PASSED [ 77%]\nsandbox/test_messy_code.py::test_is_number_in_positive_range_non_numeric_input_raises_type_error[value4] PASSED [ 80%]\nsandbox/test_messy_code.py::test_is_number_in_positive_range_non_numeric_input_raises_type_error[value5] PASSED [ 82%]\nsandbox/test_messy_code.py::test_is_number_in_positive_range_non_numeric_input_raises_type_error[True] PASSED [ 85%]\nsandbox/test_messy_code.py::test_is_number_in_positive_range_non_numeric_input_raises_type_error[False] PASSED [ 88%]\nsandbox/test_messy_code.py::test_is_number_in_positive_range_large_integer PASSED [ 91%]\nsandbox/test_messy_code.py::test_is_number_in_positive_range_large_float PASSED [ 94%]\nsandbox/test_messy_code.py::test_is_number_in_positive_range_zero_float_precision PASSED [ 97%]\nsandbox/test_messy_code.py::test_is_number_in_positive_range_hundred_float_precision PASSED [100%]\n\n============================= 35 passed in 0.06s ==============================\n\n```\n\n⚠️ **IMPORTANT:** This is attempt #3. The previous fix attempt failed the tests above.\nCarefully analyze the error messages and fix the root cause. Do not repeat the same mistakes.\n\n\nProvide the COMPLETE corrected code now.",
            "output_response": "```python\n\"\"\"\nThis module provides utility functions for numerical range checks.\n\"\"\"\n\ndef is_number_in_positive_range(value: int | float) -> bool:\n    \"\"\"\n    Checks if a given number is strictly greater than 0 and strictly less than 100.\n\n    Args:\n        value: The number to check. Can be an integer or a float.\n\n    Returns:\n        True if the number is within the range (0, 100), False otherwise.\n    \"\"\"\n    return 0 < value < 100\n```",
            "file_fixed": "messy_code.py",
            "iteration": 3,
            "code_length": 428
        },
        "status": "SUCCESS"
    },
    {
        "id": "78843a54-3d58-4899-b08f-21f0f893dc26",
        "timestamp": "2026-02-28T23:33:53.748215",
        "agent": "Judge",
        "model": "gemini-2.5-flash-lite",
        "action": "DEBUG",
        "details": {
            "input_prompt": "Validating messy_code.py at iteration 3",
            "output_response": "Tests passed: True, Pylint score: 5.0",
            "test_results": "✅ All tests passed!\n\n============================= test session starts =============================\nplatform win32 -- Python 3.11.9, pytest-7.4.4, pluggy-1.6.0 -- C:\\Users\\B-TECH\\Downloads\\Refactoring-Swarm-Equipe-Guembo\\.venv\\Scripts\\python.exe\ncachedir: .pytest_cache\nrootdir: C:\\Users\\B-TECH\\Downloads\\Refactoring-Swarm-Equipe-Guembo\nplugins: anyio-4.12.0\ncollecting ... collected 35 items\n\nsandbox/test_messy_code.py::test_is_number_in_positive_range_valid_numbers[1] PASSED [  2%]\nsandbox/test_messy_code.py::test_is_number_in_positive_range_valid_numbers[50] PASSED [  5%]\nsandbox/test_messy_code.py::test_is_number_in_positive_range_valid_numbers[99] PASSED [  8%]\nsandbox/test_messy_code.py::test_is_number_in_positive_range_valid_numbers[0.0001] PASSED [ 11%]\nsandbox/test_messy_code.py::test_is_number_in_positive_range_valid_numbers[99.9999] PASSED [ 14%]\nsandbox/test_messy_code.py::test_is_number_in_positive_range_valid_numbers[50.5] PASSED [ 17%]\nsandbox/test_messy_code.py::test_is_number_in_positive_range_valid_numbers[1.0] PASSED [ 20%]\nsandbox/test_messy_code.py::test_is_number_in_positive_range_valid_numbers[99.0] PASSED [ 22%]\nsandbox/test_messy_code.py::test_is_number_in_positive_range_valid_numbers[1e-15] PASSED [ 25%]\nsandbox/test_messy_code.py::test_is_number_in_positive_range_valid_numbers[99.99999999999999] PASSED [ 28%]\nsandbox/test_messy_code.py::test_is_number_in_positive_range_invalid_numbers[0] PASSED [ 31%]\nsandbox/test_messy_code.py::test_is_number_in_positive_range_invalid_numbers[100] PASSED [ 34%]\nsandbox/test_messy_code.py::test_is_number_in_positive_range_invalid_numbers[-1] PASSED [ 37%]\nsandbox/test_messy_code.py::test_is_number_in_positive_range_invalid_numbers[-0.0001] PASSED [ 40%]\nsandbox/test_messy_code.py::test_is_number_in_positive_range_invalid_numbers[101] PASSED [ 42%]\nsandbox/test_messy_code.py::test_is_number_in_positive_range_invalid_numbers[100.0001] PASSED [ 45%]\nsandbox/test_messy_code.py::test_is_number_in_positive_range_invalid_numbers[0.0] PASSED [ 48%]\nsandbox/test_messy_code.py::test_is_number_in_positive_range_invalid_numbers[100.0] PASSED [ 51%]\nsandbox/test_messy_code.py::test_is_number_in_positive_range_invalid_numbers[-100] PASSED [ 54%]\nsandbox/test_messy_code.py::test_is_number_in_positive_range_invalid_numbers[200] PASSED [ 57%]\nsandbox/test_messy_code.py::test_is_number_in_positive_range_invalid_numbers[inf] PASSED [ 60%]\nsandbox/test_messy_code.py::test_is_number_in_positive_range_invalid_numbers[-inf] PASSED [ 62%]\nsandbox/test_messy_code.py::test_is_number_in_positive_range_nan PASSED  [ 65%]\nsandbox/test_messy_code.py::test_is_number_in_positive_range_non_numeric_input_raises_type_error[hello] PASSED [ 68%]\nsandbox/test_messy_code.py::test_is_number_in_positive_range_non_numeric_input_raises_type_error[value1] PASSED [ 71%]\nsandbox/test_messy_code.py::test_is_number_in_positive_range_non_numeric_input_raises_type_error[None] PASSED [ 74%]\nsandbox/test_messy_code.py::test_is_number_in_positive_range_non_numeric_input_raises_type_error[value3] PASSED [ 77%]\nsandbox/test_messy_code.py::test_is_number_in_positive_range_non_numeric_input_raises_type_error[value4] PASSED [ 80%]\nsandbox/test_messy_code.py::test_is_number_in_positive_range_non_numeric_input_raises_type_error[value5] PASSED [ 82%]\nsandbox/test_messy_code.py::test_is_number_in_positive_range_non_numeric_input_raises_type_error[True] PASSED [ 85%]\nsandbox/test_messy_code.py::test_is_number_in_positive_range_non_numeric_input_raises_type_error[False] PASSED [ 88%]\nsandbox/test_messy_code.py::test_is_number_in_positive_range_large_integer PASSED [ 91%]\nsandbox/test_messy_code.py::test_is_number_in_positive_range_large_float PASSED [ 94%]\nsandbox/test_messy_code.py::test_is_number_in_positive_range_zero_float_precision PASSED [ 97%]\nsandbox/test_messy_code.py::test_is_number_in_positive_range_hundred_float_precision PASSED [100%]\n\n============================= 35 passed in 0.06s ==============================\n",
            "pylint_report": "************* Module messy_code\nsandbox\\messy_code.py:15:0: C0304: Final newline missing (missing-final-newline)\n\n------------------------------------------------------------------\nYour code has been rated at 5.00/10 (previous run: 5.00/10, +0.00)\n\n",
            "file_validated": "messy_code.py",
            "iteration": 3,
            "tests_passed": true,
            "pylint_score": 5.0
        },
        "status": "FAILED"
    },
    {
        "id": "c8d28db1-e39e-4c5e-9992-ae6f94e953c8",
        "timestamp": "2026-02-28T23:34:00.437991",
        "agent": "Fixer",
        "model": "gemini-2.5-flash-lite",
        "action": "FIX",
        "details": {
            "input_prompt": "**File:** messy_code.py\n**Iteration:** 4/10\n\n**Original Code:**\n```python\n\"\"\"\nThis module provides utility functions for numerical range checks.\n\"\"\"\n\ndef is_number_in_positive_range(value: int | float) -> bool:\n    \"\"\"\n    Checks if a given number is strictly greater than 0 and strictly less than 100.\n\n    Args:\n        value: The number to check. Can be an integer or a float.\n\n    Returns:\n        True if the number is within the range (0, 100), False otherwise.\n    \"\"\"\n    return 0 < value < 100\n```\n\n**Refactoring Plan from Auditor:**\n```\n## Critical Issues\n- No critical functional bugs identified. The logic in `f(z)` correctly implements the condition of checking if `z` is strictly greater than 0 and strictly less than 100.\n\n## Style & Convention Violations\n-   **L1: C0103: Constant name \"x\" doesn't conform to UPPER_CASE naming style.** The variable `x` is not named according to PEP 8 guidelines for constants (which should be `UPPER_CASE`).\n-   **L1: C0114: Missing module docstring.** The file lacks a docstring explaining its overall purpose.\n-   **L3: C0116: Missing function or method docstring.** The function `f` lacks a docstring explaining its purpose, arguments, and return value.\n-   **L3: Poor function name.** The function name `f` is too generic and does not convey its purpose, making the code less readable.\n-   **L1: Unused variable.** The variable `x` is defined but never used within the module, making it dead code.\n-   **L2: Non-English comment.** The comment `# Variable mal nommée, pas de docstring, logique inutile` is in French. For professional codebases, comments should ideally be in English for consistency and broader maintainability.\n-   **L4-L6: Redundant nested if statements.** The conditional logic `if z > 0: if z < 100:` can be simplified into a single, more Pythonic expression.\n-   **L7: C0304: Final newline missing.** The file is missing a newline character at the end, which is a common PEP 8 requirement.\n\n## Type Hints Required\n-   **L1: Variable `x`:** If `x` were intended to be a constant, it should be annotated with its type, e.g., `x: int = 10`. However, given it's unused, removal is preferred.\n-   **L3: Function `f` parameter `z`:** The parameter `z` should be type-annotated, likely `int` or `float`, depending on the expected numerical input.\n-   **L3: Function `f` return type:** The function's return type should be annotated as `bool`.\n\n## Best Practice Improvements\n-   **Documentation:** Add a module-level docstring to describe the file's content and purpose. Implement a comprehensive docstring for the `f` function, detailing its functionality, parameters, and return value.\n-   **Readability & Conciseness:** Simplify the conditional logic within the `f` function to improve readability and reduce cognitive load.\n-   **Dead Code Elimination:** Remove the unused variable `x` to keep the codebase clean and prevent confusion.\n-   **Naming Conventions:** Use descriptive names for functions and variables to clearly communicate their intent, adhering to PEP 8.\n\n## Refactoring Recommendations\n1.  **L1: Add a module docstring.**\n    ```python\n    \"\"\"\n    This module provides utility functions for numerical range checks.\n    \"\"\"\n    ```\n2.  **L1: Remove unused variable `x`.** Since `x` is not used, it should be removed. If it were intended to be a constant, it should be renamed to `UPPER_CASE` (e.g., `MAX_VALUE = 100`) and given a type hint.\n3.  **L2: Remove the non-English comment.**\n4.  **L3: Rename function `f` to a descriptive name.** A suitable name would be `is_number_in_positive_range` or `is_between_0_and_100`.\n5.  **L3: Add type hints to the function signature.** Annotate `z` with `int | float` and the return type with `bool`.\n6.  **L3: Add a comprehensive docstring to the function.**\n7.  **L4-L7: Simplify the conditional logic.** Replace the nested `if` statements with a single, more Pythonic comparison.\n8.  **L7: Add a final newline to the file.**\n\n**Refactored Code Example:**\n```python\n\"\"\"\nThis module provides utility functions for numerical range checks.\n\"\"\"\n\ndef is_number_in_positive_range(value: int | float) -> bool:\n    \"\"\"\n    Checks if a given number is strictly greater than 0 and strictly less than 100.\n\n    Args:\n        value: The number to check. Can be an integer or a float.\n\n    Returns:\n        True if the number is within the range (0, 100), False otherwise.\n    \"\"\"\n    return 0 < value < 100\n```\n\n## Overall Assessment\nThe original code is extremely minimal but highlights several fundamental issues common in less mature codebases. The Pylint report accurately identifies basic style and documentation deficiencies. The primary areas for improvement are adherence to PEP 8 (naming, docstrings, final newline), the addition of type hints for improved clarity and maintainability, and the simplification of conditional logic. While the code is not functionally buggy, its current state lacks clarity, professionalism, and adherence to Python best practices, making it less maintainable and harder to understand without external context. Addressing these issues will significantly improve the code's quality.\n\n**Pylint Report:**\n```\n************* Module messy_code\nsandbox\\messy_code.py:15:0: C0304: Final newline missing (missing-final-newline)\n\n------------------------------------------------------------------\nYour code has been rated at 5.00/10 (previous run: 5.00/10, +0.00)\n\n\n```\n\n**Previous Test Results (FAILURES TO FIX):**\n```\n✅ All tests passed!\n\n============================= test session starts =============================\nplatform win32 -- Python 3.11.9, pytest-7.4.4, pluggy-1.6.0 -- C:\\Users\\B-TECH\\Downloads\\Refactoring-Swarm-Equipe-Guembo\\.venv\\Scripts\\python.exe\ncachedir: .pytest_cache\nrootdir: C:\\Users\\B-TECH\\Downloads\\Refactoring-Swarm-Equipe-Guembo\nplugins: anyio-4.12.0\ncollecting ... collected 35 items\n\nsandbox/test_messy_code.py::test_is_number_in_positive_range_valid_numbers[1] PASSED [  2%]\nsandbox/test_messy_code.py::test_is_number_in_positive_range_valid_numbers[50] PASSED [  5%]\nsandbox/test_messy_code.py::test_is_number_in_positive_range_valid_numbers[99] PASSED [  8%]\nsandbox/test_messy_code.py::test_is_number_in_positive_range_valid_numbers[0.0001] PASSED [ 11%]\nsandbox/test_messy_code.py::test_is_number_in_positive_range_valid_numbers[99.9999] PASSED [ 14%]\nsandbox/test_messy_code.py::test_is_number_in_positive_range_valid_numbers[50.5] PASSED [ 17%]\nsandbox/test_messy_code.py::test_is_number_in_positive_range_valid_numbers[1.0] PASSED [ 20%]\nsandbox/test_messy_code.py::test_is_number_in_positive_range_valid_numbers[99.0] PASSED [ 22%]\nsandbox/test_messy_code.py::test_is_number_in_positive_range_valid_numbers[1e-15] PASSED [ 25%]\nsandbox/test_messy_code.py::test_is_number_in_positive_range_valid_numbers[99.99999999999999] PASSED [ 28%]\nsandbox/test_messy_code.py::test_is_number_in_positive_range_invalid_numbers[0] PASSED [ 31%]\nsandbox/test_messy_code.py::test_is_number_in_positive_range_invalid_numbers[100] PASSED [ 34%]\nsandbox/test_messy_code.py::test_is_number_in_positive_range_invalid_numbers[-1] PASSED [ 37%]\nsandbox/test_messy_code.py::test_is_number_in_positive_range_invalid_numbers[-0.0001] PASSED [ 40%]\nsandbox/test_messy_code.py::test_is_number_in_positive_range_invalid_numbers[101] PASSED [ 42%]\nsandbox/test_messy_code.py::test_is_number_in_positive_range_invalid_numbers[100.0001] PASSED [ 45%]\nsandbox/test_messy_code.py::test_is_number_in_positive_range_invalid_numbers[0.0] PASSED [ 48%]\nsandbox/test_messy_code.py::test_is_number_in_positive_range_invalid_numbers[100.0] PASSED [ 51%]\nsandbox/test_messy_code.py::test_is_number_in_positive_range_invalid_numbers[-100] PASSED [ 54%]\nsandbox/test_messy_code.py::test_is_number_in_positive_range_invalid_numbers[200] PASSED [ 57%]\nsandbox/test_messy_code.py::test_is_number_in_positive_range_invalid_numbers[inf] PASSED [ 60%]\nsandbox/test_messy_code.py::test_is_number_in_positive_range_invalid_numbers[-inf] PASSED [ 62%]\nsandbox/test_messy_code.py::test_is_number_in_positive_range_nan PASSED  [ 65%]\nsandbox/test_messy_code.py::test_is_number_in_positive_range_non_numeric_input_raises_type_error[hello] PASSED [ 68%]\nsandbox/test_messy_code.py::test_is_number_in_positive_range_non_numeric_input_raises_type_error[value1] PASSED [ 71%]\nsandbox/test_messy_code.py::test_is_number_in_positive_range_non_numeric_input_raises_type_error[None] PASSED [ 74%]\nsandbox/test_messy_code.py::test_is_number_in_positive_range_non_numeric_input_raises_type_error[value3] PASSED [ 77%]\nsandbox/test_messy_code.py::test_is_number_in_positive_range_non_numeric_input_raises_type_error[value4] PASSED [ 80%]\nsandbox/test_messy_code.py::test_is_number_in_positive_range_non_numeric_input_raises_type_error[value5] PASSED [ 82%]\nsandbox/test_messy_code.py::test_is_number_in_positive_range_non_numeric_input_raises_type_error[True] PASSED [ 85%]\nsandbox/test_messy_code.py::test_is_number_in_positive_range_non_numeric_input_raises_type_error[False] PASSED [ 88%]\nsandbox/test_messy_code.py::test_is_number_in_positive_range_large_integer PASSED [ 91%]\nsandbox/test_messy_code.py::test_is_number_in_positive_range_large_float PASSED [ 94%]\nsandbox/test_messy_code.py::test_is_number_in_positive_range_zero_float_precision PASSED [ 97%]\nsandbox/test_messy_code.py::test_is_number_in_positive_range_hundred_float_precision PASSED [100%]\n\n============================= 35 passed in 0.06s ==============================\n\n```\n\n⚠️ **IMPORTANT:** This is attempt #4. The previous fix attempt failed the tests above.\nCarefully analyze the error messages and fix the root cause. Do not repeat the same mistakes.\n\n\nProvide the COMPLETE corrected code now.",
            "output_response": "```python\n\"\"\"\nThis module provides utility functions for numerical range checks.\n\"\"\"\n\ndef is_number_in_positive_range(value: int | float) -> bool:\n    \"\"\"\n    Checks if a given number is strictly greater than 0 and strictly less than 100.\n\n    Args:\n        value: The number to check. Can be an integer or a float.\n\n    Returns:\n        True if the number is within the range (0, 100), False otherwise.\n    \"\"\"\n    return 0 < value < 100\n```",
            "file_fixed": "messy_code.py",
            "iteration": 4,
            "code_length": 428
        },
        "status": "SUCCESS"
    },
    {
        "id": "d7af77f7-c7d4-42c6-a584-2111c0b6e854",
        "timestamp": "2026-02-28T23:34:02.092307",
        "agent": "Judge",
        "model": "gemini-2.5-flash-lite",
        "action": "DEBUG",
        "details": {
            "input_prompt": "Validating messy_code.py at iteration 4",
            "output_response": "Tests passed: True, Pylint score: 5.0",
            "test_results": "✅ All tests passed!\n\n============================= test session starts =============================\nplatform win32 -- Python 3.11.9, pytest-7.4.4, pluggy-1.6.0 -- C:\\Users\\B-TECH\\Downloads\\Refactoring-Swarm-Equipe-Guembo\\.venv\\Scripts\\python.exe\ncachedir: .pytest_cache\nrootdir: C:\\Users\\B-TECH\\Downloads\\Refactoring-Swarm-Equipe-Guembo\nplugins: anyio-4.12.0\ncollecting ... collected 35 items\n\nsandbox/test_messy_code.py::test_is_number_in_positive_range_valid_numbers[1] PASSED [  2%]\nsandbox/test_messy_code.py::test_is_number_in_positive_range_valid_numbers[50] PASSED [  5%]\nsandbox/test_messy_code.py::test_is_number_in_positive_range_valid_numbers[99] PASSED [  8%]\nsandbox/test_messy_code.py::test_is_number_in_positive_range_valid_numbers[0.0001] PASSED [ 11%]\nsandbox/test_messy_code.py::test_is_number_in_positive_range_valid_numbers[99.9999] PASSED [ 14%]\nsandbox/test_messy_code.py::test_is_number_in_positive_range_valid_numbers[50.5] PASSED [ 17%]\nsandbox/test_messy_code.py::test_is_number_in_positive_range_valid_numbers[1.0] PASSED [ 20%]\nsandbox/test_messy_code.py::test_is_number_in_positive_range_valid_numbers[99.0] PASSED [ 22%]\nsandbox/test_messy_code.py::test_is_number_in_positive_range_valid_numbers[1e-15] PASSED [ 25%]\nsandbox/test_messy_code.py::test_is_number_in_positive_range_valid_numbers[99.99999999999999] PASSED [ 28%]\nsandbox/test_messy_code.py::test_is_number_in_positive_range_invalid_numbers[0] PASSED [ 31%]\nsandbox/test_messy_code.py::test_is_number_in_positive_range_invalid_numbers[100] PASSED [ 34%]\nsandbox/test_messy_code.py::test_is_number_in_positive_range_invalid_numbers[-1] PASSED [ 37%]\nsandbox/test_messy_code.py::test_is_number_in_positive_range_invalid_numbers[-0.0001] PASSED [ 40%]\nsandbox/test_messy_code.py::test_is_number_in_positive_range_invalid_numbers[101] PASSED [ 42%]\nsandbox/test_messy_code.py::test_is_number_in_positive_range_invalid_numbers[100.0001] PASSED [ 45%]\nsandbox/test_messy_code.py::test_is_number_in_positive_range_invalid_numbers[0.0] PASSED [ 48%]\nsandbox/test_messy_code.py::test_is_number_in_positive_range_invalid_numbers[100.0] PASSED [ 51%]\nsandbox/test_messy_code.py::test_is_number_in_positive_range_invalid_numbers[-100] PASSED [ 54%]\nsandbox/test_messy_code.py::test_is_number_in_positive_range_invalid_numbers[200] PASSED [ 57%]\nsandbox/test_messy_code.py::test_is_number_in_positive_range_invalid_numbers[inf] PASSED [ 60%]\nsandbox/test_messy_code.py::test_is_number_in_positive_range_invalid_numbers[-inf] PASSED [ 62%]\nsandbox/test_messy_code.py::test_is_number_in_positive_range_nan PASSED  [ 65%]\nsandbox/test_messy_code.py::test_is_number_in_positive_range_non_numeric_input_raises_type_error[hello] PASSED [ 68%]\nsandbox/test_messy_code.py::test_is_number_in_positive_range_non_numeric_input_raises_type_error[value1] PASSED [ 71%]\nsandbox/test_messy_code.py::test_is_number_in_positive_range_non_numeric_input_raises_type_error[None] PASSED [ 74%]\nsandbox/test_messy_code.py::test_is_number_in_positive_range_non_numeric_input_raises_type_error[value3] PASSED [ 77%]\nsandbox/test_messy_code.py::test_is_number_in_positive_range_non_numeric_input_raises_type_error[value4] PASSED [ 80%]\nsandbox/test_messy_code.py::test_is_number_in_positive_range_non_numeric_input_raises_type_error[value5] PASSED [ 82%]\nsandbox/test_messy_code.py::test_is_number_in_positive_range_non_numeric_input_raises_type_error[True] PASSED [ 85%]\nsandbox/test_messy_code.py::test_is_number_in_positive_range_non_numeric_input_raises_type_error[False] PASSED [ 88%]\nsandbox/test_messy_code.py::test_is_number_in_positive_range_large_integer PASSED [ 91%]\nsandbox/test_messy_code.py::test_is_number_in_positive_range_large_float PASSED [ 94%]\nsandbox/test_messy_code.py::test_is_number_in_positive_range_zero_float_precision PASSED [ 97%]\nsandbox/test_messy_code.py::test_is_number_in_positive_range_hundred_float_precision PASSED [100%]\n\n============================= 35 passed in 0.06s ==============================\n",
            "pylint_report": "************* Module messy_code\nsandbox\\messy_code.py:15:0: C0304: Final newline missing (missing-final-newline)\n\n------------------------------------------------------------------\nYour code has been rated at 5.00/10 (previous run: 5.00/10, +0.00)\n\n",
            "file_validated": "messy_code.py",
            "iteration": 4,
            "tests_passed": true,
            "pylint_score": 5.0
        },
        "status": "FAILED"
    }
]